[20:29:09] [main/INFO]: Loading Minecraft 1.21 with Fabric Loader 0.16.0
[20:29:10] [ForkJoinPool-1-worker-1/WARN]: Mod travelersbackpack uses the version fabric-1.21-10.0.4 which isn't compatible with Loader's extended semantic version format (Could not parse version number component 'fabric'!), SemVer is recommended for reliably evaluating dependencies and prioritizing newer version
[20:29:10] [main/INFO]: Loading 109 mods:
	- appleskin 3.0.2+mc1.21
	- architectury 13.0.6
	- betteradvancements 0.4.2.16
	- cardinal-components 6.1.1
	   |-- cardinal-components-base 6.1.1
	   |-- cardinal-components-block 6.1.1
	   |-- cardinal-components-chunk 6.1.1
	   |-- cardinal-components-entity 6.1.1
	   |-- cardinal-components-item 6.1.1
	   |-- cardinal-components-level 6.1.1
	   |-- cardinal-components-scoreboard 6.1.1
	   \-- cardinal-components-world 6.1.1
	- carryon 2.2.1
	- cloth-config 15.0.128
	   \-- cloth-basic-math 0.6.1
	- fabric-api 0.100.8+1.21
	   |-- fabric-api-base 0.4.42+6573ed8cd1
	   |-- fabric-api-lookup-api-v1 1.6.67+b5597344d1
	   |-- fabric-biome-api-v1 13.0.29+5bd9f1bcd1
	   |-- fabric-block-api-v1 1.0.22+0af3f5a7d1
	   |-- fabric-block-view-api-v2 1.0.10+6573ed8cd1
	   |-- fabric-blockrenderlayer-v1 1.1.52+0af3f5a7d1
	   |-- fabric-client-tags-api-v1 1.1.15+6573ed8cd1
	   |-- fabric-command-api-v1 1.2.49+f71b366fd1
	   |-- fabric-command-api-v2 2.2.28+6ced4dd9d1
	   |-- fabric-commands-v0 0.2.66+df3654b3d1
	   |-- fabric-content-registries-v0 8.0.15+b5597344d1
	   |-- fabric-convention-tags-v1 2.0.18+7f945d5bd1
	   |-- fabric-convention-tags-v2 2.4.2+c111832ad1
	   |-- fabric-crash-report-info-v1 0.2.29+0af3f5a7d1
	   |-- fabric-data-attachment-api-v1 1.1.25+6a6dfa19d1
	   |-- fabric-data-generation-api-v1 20.2.13+16c4ae25d1
	   |-- fabric-dimensions-v1 4.0.0+6fc22b99d1
	   |-- fabric-entity-events-v1 1.6.12+6fc22b99d1
	   |-- fabric-events-interaction-v0 0.7.10+e633f883d1
	   |-- fabric-game-rule-api-v1 1.0.53+6ced4dd9d1
	   |-- fabric-item-api-v1 11.0.0+afdfc921d1
	   |-- fabric-item-group-api-v1 4.1.3+78017270d1
	   |-- fabric-key-binding-api-v1 1.0.47+0af3f5a7d1
	   |-- fabric-keybindings-v0 0.2.45+df3654b3d1
	   |-- fabric-lifecycle-events-v1 2.3.11+8f3583aed1
	   |-- fabric-loot-api-v2 3.0.13+3f89f5a5d1
	   |-- fabric-loot-api-v3 1.0.1+3f89f5a5d1
	   |-- fabric-message-api-v1 6.0.13+6573ed8cd1
	   |-- fabric-model-loading-api-v1 2.0.0+fe474d6bd1
	   |-- fabric-networking-api-v1 4.2.0+ab7edbacd1
	   |-- fabric-object-builder-api-v1 15.1.13+d1321076d1
	   |-- fabric-particles-v1 4.0.2+6573ed8cd1
	   |-- fabric-recipe-api-v1 5.0.10+65089712d1
	   |-- fabric-registry-sync-v0 5.0.26+a5d66753d1
	   |-- fabric-renderer-api-v1 3.3.0+0ae0b97dd1
	   |-- fabric-renderer-indigo 1.6.5+48fb1586d1
	   |-- fabric-renderer-registries-v1 3.2.68+df3654b3d1
	   |-- fabric-rendering-data-attachment-v1 0.3.48+73761d2ed1
	   |-- fabric-rendering-fluids-v1 3.1.6+b5597344d1
	   |-- fabric-rendering-v0 1.1.71+df3654b3d1
	   |-- fabric-rendering-v1 5.0.5+df16efd0d1
	   |-- fabric-resource-conditions-api-v1 4.2.1+d153f344d1
	   |-- fabric-resource-loader-v0 1.2.0+7e687b32d1
	   |-- fabric-screen-api-v1 2.0.24+b5597344d1
	   |-- fabric-screen-handler-api-v1 1.3.83+b5597344d1
	   |-- fabric-sound-api-v1 1.0.23+6573ed8cd1
	   |-- fabric-transfer-api-v1 5.1.15+3dccd343d1
	   \-- fabric-transitive-access-wideners-v1 6.0.12+6573ed8cd1
	- fabric-language-kotlin 1.11.0+kotlin.2.0.0
	   |-- org_jetbrains_kotlin_kotlin-reflect 2.0.0
	   |-- org_jetbrains_kotlin_kotlin-stdlib 2.0.0
	   |-- org_jetbrains_kotlin_kotlin-stdlib-jdk7 2.0.0
	   |-- org_jetbrains_kotlin_kotlin-stdlib-jdk8 2.0.0
	   |-- org_jetbrains_kotlinx_atomicfu-jvm 0.24.0
	   |-- org_jetbrains_kotlinx_kotlinx-coroutines-core-jvm 1.8.1
	   |-- org_jetbrains_kotlinx_kotlinx-coroutines-jdk8 1.8.1
	   |-- org_jetbrains_kotlinx_kotlinx-datetime-jvm 0.6.0
	   |-- org_jetbrains_kotlinx_kotlinx-serialization-cbor-jvm 1.6.3
	   |-- org_jetbrains_kotlinx_kotlinx-serialization-core-jvm 1.6.3
	   \-- org_jetbrains_kotlinx_kotlinx-serialization-json-jvm 1.6.3
	- fabricloader 0.16.0
	   \-- mixinextras 0.4.0
	- fallingtree 1.21.0.6
	- forgeconfigapiport 21.0.7
	   |-- com_electronwill_night-config_core 3.8.0
	   \-- com_electronwill_night-config_toml 3.8.0
	- gravestones 1.0.9
	- handcrafted 4.0.1
	- immersiveui 0.2
	- jade 15.1.5+fabric
	- java 21
	- journeymap 1.21-6.0.0-beta.18
	   |-- ar_com_hjg_pngj 2.1.0
	   |-- commonnetworking 1.0.11-1.21
	   \-- journeymap-api-fabric 2.0.0-1.21-SNAPSHOT
	- lithium 0.12.7
	- mcwbridges 3.0.0
	- mcwfences 1.1.2
	- mcwfurnitures 3.3.0
	- minecraft 1.21
	- modernfix 5.19.0+mc1.21
	- mru 0.4.4+1.21
	- octolib 0.4.2
	   \-- org_yaml_snakeyaml 2.2
	- openpartiesandclaims 0.23.2
	- photography 1.0.4+mc1.21
	- placeholder-api 2.4.1+1.21
	- pneumonocore 1.1.6
	- resourcefullib 3.0.9
	   |-- com_teamresourceful_bytecodecs 1.1.2
	   \-- com_teamresourceful_yabn 1.0.3
	- roughlyenoughitems 16.0.744
	   \-- error_notifier 1.0.9
	- terralith 2.5.4
	- travelersbackpack fabric-1.21-10.0.4
	- trinkets 3.10.0
	- yet_another_config_lib_v3 3.5.0+1.21-fabric
	   |-- com_twelvemonkeys_common_common-image 3.10.0
	   |-- com_twelvemonkeys_common_common-io 3.10.0
	   |-- com_twelvemonkeys_common_common-lang 3.10.0
	   |-- com_twelvemonkeys_imageio_imageio-core 3.10.0
	   |-- com_twelvemonkeys_imageio_imageio-metadata 3.10.0
	   |-- com_twelvemonkeys_imageio_imageio-webp 3.10.0
	   |-- org_quiltmc_parsers_gson 0.2.1
	   \-- org_quiltmc_parsers_json 0.2.1
[20:29:11] [main/INFO]: SpongePowered MIXIN Subsystem Version=0.8.7 Source=file:/workspaces/SERVERMC1.1/servidor_minecraft/libraries/net/fabricmc/sponge-mixin/0.15.0+mixin.0.8.7/sponge-mixin-0.15.0+mixin.0.8.7.jar Service=Knot/Fabric Env=SERVER
[20:29:11] [main/INFO]: Compatibility level set to JAVA_21
[20:29:11] [main/WARN]: Reference map 'forgeconfigapiport.common.refmap.json' for forgeconfigapiport.common.mixins.json could not be read. If this is a development environment you can ignore this message
[20:29:11] [main/WARN]: Reference map 'journeymap-refmap.json' for journeymap.mixins.json could not be read. If this is a development environment you can ignore this message
[20:29:11] [main/WARN]: Reference map 'journeymap-refmap.json' for journeymap.fabric.mixins.json could not be read. If this is a development environment you can ignore this message
[20:29:11] [main/INFO]: Loaded configuration file for Lithium: 138 options available, 0 override(s) found
[20:29:12] [main/INFO]: Loaded configuration file for ModernFix 5.19.0+mc1.21: 53 options available, 0 override(s) found
[20:29:12] [main/INFO]: Applying Nashorn fix
[20:29:12] [main/WARN]: Reference map 'OctoLib-COMMON-common-refmap.json' for octolib.mixins.json could not be read. If this is a development environment you can ignore this message
[20:29:13] [main/INFO]: Initializing MixinExtras via com.llamalad7.mixinextras.service.MixinExtrasServiceImpl(version=0.4.0).
[20:29:17] [main/INFO]: Injecting BlockStateBase cache population hook into lithium$getPathNodeType from me.jellysquid.mods.lithium.mixin.ai.pathing.AbstractBlockStateMixin
[20:29:17] [main/INFO]: Injecting BlockStateBase cache population hook into lithium$getAllFlags from me.jellysquid.mods.lithium.mixin.util.block_tracking.AbstractBlockStateMixin
[20:29:17] [main/INFO]: Injecting BlockStateBase cache population hook into lithium$getNeighborPathNodeType from me.jellysquid.mods.lithium.mixin.ai.pathing.AbstractBlockStateMixin
[20:29:19] [main/WARN]: Method overwrite conflict for method_21740 in modernfix-common.mixins.json:perf.remove_biome_temperature_cache.BiomeMixin from mod modernfix, previously written by me.jellysquid.mods.lithium.mixin.world.temperature_cache.BiomeMixin. Skipping method.
[20:29:24] [main/INFO]: Vanilla bootstrap took 9886 milliseconds
[20:29:25] [main/INFO]: Initializing Gravestones
[20:29:27] [main/ERROR]: No data fixer registered for handcrafted
[20:29:28] [main/INFO]: Initializing ServerSide Packet Registries
[20:29:28] [main/INFO]: Initializing PneumonoCore
[20:29:28] [main/INFO]: Registering C2S receiver with id roughlyenoughitems:request_tags_c2s
[20:29:28] [main/INFO]: [REI] Registered plugin provider DefaultPlugin [roughlyenoughitems] for REIPlugin
[20:29:28] [main/INFO]: [REI] Registered plugin provider DefaultRuntimePlugin [roughlyenoughitems] for REIPlugin
[20:29:28] [main/INFO]: [REI] Registered plugin provider ReiCompat [travelersbackpack] for REIPlugin
[20:29:28] [main/INFO]: [REI] Registered plugin provider DefaultPlugin [roughlyenoughitems] for REIServerPlugin
[20:29:28] [main/INFO]: [REI] Registered plugin provider DefaultRuntimePlugin [roughlyenoughitems] for REIServerPlugin
[20:29:28] [main/INFO]: [REI] Registered plugin provider ReiCompat [travelersbackpack] for REIServerPlugin
[20:29:28] [main/INFO]: [REI] Registered plugin provider FabricFluidAPISupportPlugin for REIServerPlugin
[20:29:28] [main/INFO]: [REI] Registered plugin provider FabricFluidAPISupportPlugin for REIPlugin
[20:29:28] [main/INFO]: Registering C2S receiver with id roughlyenoughitems:delete_item
[20:29:28] [main/INFO]: Registering C2S receiver with id roughlyenoughitems:create_item
[20:29:28] [main/INFO]: Registering C2S receiver with id roughlyenoughitems:create_item_grab
[20:29:28] [main/INFO]: Registering C2S receiver with id roughlyenoughitems:create_item_hotbar
[20:29:28] [main/INFO]: Registering C2S receiver with id roughlyenoughitems:move_items
[20:29:28] [main/INFO]: Registering C2S receiver with id roughlyenoughitems:move_items_new
[20:29:29] [main/INFO]: Registered the FluidEffect with Unique ID of minecraft:water for minecraft:water 81000 with the ID 0
[20:29:29] [main/INFO]: Registered the FluidEffect with Unique ID of minecraft:lava for minecraft:lava 81000 with the ID 1
[20:29:29] [main/INFO]: Registered the FluidEffect with Unique ID of travelersbackpack:potion for travelersbackpack:potion_still 27000 with the ID 2
[20:29:29] [main/INFO]: Registered the FluidEffect with Unique ID of travelersbackpack:milk for travelersbackpack:milk_still 81000 with the ID 3
[20:29:29] [main/INFO]: Loading Open Parties and Claims!
[20:29:29] [main/INFO]: Environment: Environment[sessionHost=https://sessionserver.mojang.com, servicesHost=https://api.minecraftservices.com, name=PROD]
[20:29:34] [main/INFO]: Loaded 2791 recipes
[20:29:35] [main/INFO]: Loaded 2022 advancements
[20:29:35] [main/INFO]: [REI] OOOOOOOOOOOOOOOOOOOOOOOOOOOOOOOOOOOOOOOO
[20:29:35] [main/INFO]: [REI] REIPlugin starting main-reload for START.
[20:29:35] [main/INFO]: [REI] Plugins (4):
[20:29:35] [main/INFO]: [REI]  - (-100.00) DefaultPlugin of DefaultPlugin [roughlyenoughitems]
[20:29:35] [main/INFO]: [REI]  - (0.00) FabricFluidAPISupportPlugin
[20:29:35] [main/INFO]: [REI]  - (0.00) ReiCompat of ReiCompat [travelersbackpack]
[20:29:35] [main/INFO]: [REI]  - (0.00) DefaultRuntimePlugin of DefaultRuntimePlugin [roughlyenoughitems]
[20:29:35] [main/INFO]: [REI] OOOOOOOOOOOOOOOOOOOOOOOOOOOOOOOOOOOOOOOO
[20:29:35] [main/INFO]: [REI] ----------------------------------------
[20:29:35] [main/INFO]: [REI] REIServerPlugin starting main-reload for START.
[20:29:35] [main/INFO]: [REI] Plugins (4):
[20:29:35] [main/INFO]: [REI]  - (-100.00) DefaultPlugin of DefaultPlugin [roughlyenoughitems]
[20:29:35] [main/INFO]: [REI]  - (0.00) FabricFluidAPISupportPlugin
[20:29:35] [main/INFO]: [REI]  - (0.00) ReiCompat of ReiCompat [travelersbackpack]
[20:29:35] [main/INFO]: [REI]  - (0.00) DefaultRuntimePlugin of DefaultRuntimePlugin [roughlyenoughitems]
[20:29:35] [main/INFO]: [REI] ----------------------------------------
[20:29:35] [main/INFO]: [REI] REIPlugin finished post-reload for START in 8.526 ms, totaling 165.1 ms.
[20:29:35] [main/INFO]: [REI] REIServerPlugin finished post-reload for START in 3.977 ms, totaling 42.82 ms.
[20:29:35] [main/INFO]: [REI] @@@@@@@@@@@@@@@@@@@@@@@@@@@@@@@@@@@@@@@@
[20:29:35] [main/INFO]: [REI] REIPlugin starting main-reload for END.
[20:29:35] [main/INFO]: [REI] Plugins (4):
[20:29:35] [main/INFO]: [REI]  - (-100.00) DefaultPlugin of DefaultPlugin [roughlyenoughitems]
[20:29:35] [main/INFO]: [REI]  - (0.00) FabricFluidAPISupportPlugin
[20:29:35] [main/INFO]: [REI]  - (0.00) ReiCompat of ReiCompat [travelersbackpack]
[20:29:35] [main/INFO]: [REI]  - (0.00) DefaultRuntimePlugin of DefaultRuntimePlugin [roughlyenoughitems]
[20:29:35] [main/INFO]: [REI] @@@@@@@@@@@@@@@@@@@@@@@@@@@@@@@@@@@@@@@@
[20:29:35] [main/INFO]: [REI] @@@@@@@@@@@@@@@@@@@@@@@@@@@@@@@@@@@@@@@@
[20:29:35] [main/INFO]: [REI] REIServerPlugin starting main-reload for END.
[20:29:35] [main/INFO]: [REI] Plugins (4):
[20:29:35] [main/INFO]: [REI]  - (-100.00) DefaultPlugin of DefaultPlugin [roughlyenoughitems]
[20:29:35] [main/INFO]: [REI]  - (0.00) FabricFluidAPISupportPlugin
[20:29:35] [main/INFO]: [REI]  - (0.00) ReiCompat of ReiCompat [travelersbackpack]
[20:29:35] [main/INFO]: [REI]  - (0.00) DefaultRuntimePlugin of DefaultRuntimePlugin [roughlyenoughitems]
[20:29:35] [main/INFO]: [REI] @@@@@@@@@@@@@@@@@@@@@@@@@@@@@@@@@@@@@@@@
[20:29:35] [main/INFO]: [REI] REIPlugin finished post-reload for END in 1.350 ms, totaling 71.56 ms.
[20:29:35] [main/INFO]: [REI] REIServerPlugin finished post-reload for END in 1.615 ms, totaling 26.29 ms.
[20:29:36] [main/INFO]: Applied 0 biome modifications to 0 of 158 new biomes in 6.887 ms
[20:29:36] [Server thread/INFO]: Starting minecraft server version 1.21
[20:29:36] [Server thread/INFO]: Loading properties
[20:29:36] [Server thread/INFO]: Default game type: SURVIVAL
[20:29:36] [Server thread/INFO]: Generating keypair
[20:29:36] [Server thread/INFO]: Starting Minecraft server on *:25565
[20:29:36] [Server thread/INFO]: Using epoll channel type
[20:29:36] [Server thread/WARN]: **** SERVER IS RUNNING IN OFFLINE/INSECURE MODE!
[20:29:36] [Server thread/WARN]: The server will make no attempt to authenticate usernames. Beware.
[20:29:36] [Server thread/WARN]: While this makes the game possible to play without internet access, it also opens up the ability for hackers to connect with any username they choose.
[20:29:36] [Server thread/WARN]: To change this, set "online-mode" to "true" in the server.properties file.
[20:29:36] [Server thread/INFO]: Preparing level "world"
[20:29:36] [Server thread/INFO]: Initializing Open Parties and Claims for the server...
[20:29:36] [Server thread/INFO]: Loading server info!
[20:29:36] [Server thread/INFO]: Loading player configs...
[20:29:36] [Server thread/INFO]: Loaded player configs!
[20:29:36] [Server thread/INFO]: Loading parties...
[20:29:36] [Server thread/INFO]: Loaded parties!
[20:29:36] [Server thread/INFO]: Fixing party inconsistencies...
[20:29:37] [Server thread/INFO]: Registered party system for OPAC: default
[20:29:37] [Server thread/WARN]: Method overwrite conflict for removeIf in modernfix-common.mixins.json:bugfix.paper_chunk_patches.SortedArraySetMixin from mod modernfix, previously written by me.jellysquid.mods.lithium.mixin.collections.chunk_tickets.SortedArraySetMixin. Skipping method.
[20:29:37] [Server thread/INFO]: Preparing start region for dimension minecraft:overworld
[20:29:39] [Worker-Main-1/INFO]: Preparing spawn area: 0%
[20:29:39] [Worker-Main-1/INFO]: Preparing spawn area: 0%
[20:29:39] [Worker-Main-1/INFO]: Preparing spawn area: 0%
[20:29:39] [Server thread/INFO]: Time elapsed: 1515 ms
[20:29:39] [Server thread/INFO]: Done (3.017s)! For help, type "help"
[20:29:39] [Server thread/WARN]: Dedicated server took 33.029 seconds to load
[20:29:39] [Server thread/INFO]: Start loading plugin from Jade: snownee.jade.addon.core.CorePlugin
[20:29:39] [Server thread/INFO]: Start loading plugin from Jade: snownee.jade.addon.vanilla.VanillaPlugin
[20:29:39] [Server thread/INFO]: Start loading plugin from Jade: snownee.jade.addon.universal.UniversalPlugin
[20:29:39] [Server thread/INFO]: Start loading plugin from Jade: snownee.jade.addon.debug.DebugPlugin
[20:29:39] [Server thread/INFO]: Loaded null for service interface journeymap.api.services.WebMapService
[20:29:39] [Server thread/INFO]: Loaded journeymap.common.helpers.FabricClientHooks@fab34fe for service interface journeymap.api.services.ClientPlatformService
[20:29:39] [Server thread/INFO]: Loaded journeymap.common.helpers.FabricHooks@5ed6e1cd for service interface journeymap.api.services.CommonPlatformService
[20:29:39] [Server thread/INFO]: Loading claims...
[20:29:39] [Server thread/INFO]: Loaded claims in 6ms
[20:29:39] [Server thread/WARN]: The configured permission system "prometheus" isn't registered!
[20:29:39] [Server thread/WARN]: The configured primary party system "argonauts_guilds" isn't registered!
[20:29:39] [Server thread/INFO]: Configured OPAC to use the following party system as primary: default
[20:38:57] [Server thread/INFO]: Stopping the server
[20:38:57] [Server thread/INFO]: Stopping server
[20:38:57] [Server thread/INFO]: Saving players
[20:38:57] [Server thread/INFO]: Saving worlds
[20:38:57] [Server thread/INFO]: Saving chunks for level 'ServerLevel[world]'/minecraft:overworld
[20:38:57] [Server thread/INFO]: Saving chunks for level 'ServerLevel[world]'/minecraft:the_nether
[20:38:57] [Server thread/INFO]: Saving chunks for level 'ServerLevel[world]'/minecraft:the_end
[20:38:57] [Server thread/INFO]: ThreadedAnvilChunkStorage (world): All chunks are saved
[20:38:57] [Server thread/INFO]: ThreadedAnvilChunkStorage (DIM-1): All chunks are saved
[20:38:57] [Server thread/INFO]: ThreadedAnvilChunkStorage (DIM1): All chunks are saved
[20:38:57] [Server thread/INFO]: ThreadedAnvilChunkStorage: All dimensions are saved
[20:38:57] [Server thread/INFO]: Stopping IO worker...
[20:38:57] [Server thread/INFO]: Stopped IO worker!
