[20:29:28] [main/INFO] ========================================
[20:29:28] [main/INFO] Minecraft: 1.21
[20:29:28] [main/INFO] Side: server
[20:29:28] [main/INFO] Development: false
[20:29:28] [main/INFO] Version: 16.0.744
[20:29:28] [main/INFO] Loader:
[20:29:28] [main/INFO] - Fabric: 0.16.0
[20:29:28] [main/INFO] - Fabric API: 0.100.8+1.21
[20:29:28] [main/INFO] Dependencies:
[20:29:28] [main/INFO] - Cloth Config: 15.0.128
[20:29:28] [main/INFO] - Architectury: 13.0.6
[20:29:28] [main/INFO] Mixin: 0.8.7
[20:29:28] [main/INFO] OS: Linux 6.5.0-1022-azure (amd64)
[20:29:28] [main/INFO] Java: 21.0.3 (Microsoft)
[20:29:28] [main/INFO] ========================================
[20:29:28] [main/INFO] Mods:
[20:29:28] [main/INFO] - appleskin: 3.0.2+mc1.21
[20:29:28] [main/INFO] - ar_com_hjg_pngj: 2.1.0
[20:29:28] [main/INFO] - architectury: 13.0.6
[20:29:28] [main/INFO] - betteradvancements: 0.4.2.16
[20:29:28] [main/INFO] - cardinal-components: 6.1.1
[20:29:28] [main/INFO] - cardinal-components-base: 6.1.1
[20:29:28] [main/INFO] - cardinal-components-block: 6.1.1
[20:29:28] [main/INFO] - cardinal-components-chunk: 6.1.1
[20:29:28] [main/INFO] - cardinal-components-entity: 6.1.1
[20:29:28] [main/INFO] - cardinal-components-item: 6.1.1
[20:29:28] [main/INFO] - cardinal-components-level: 6.1.1
[20:29:28] [main/INFO] - cardinal-components-scoreboard: 6.1.1
[20:29:28] [main/INFO] - cardinal-components-world: 6.1.1
[20:29:28] [main/INFO] - carryon: 2.2.1
[20:29:28] [main/INFO] - cloth-basic-math: 0.6.1
[20:29:28] [main/INFO] - cloth-config: 15.0.128
[20:29:28] [main/INFO] - cloth-config: 15.0.128
[20:29:28] [main/INFO] - com_electronwill_night-config_core: 3.8.0
[20:29:28] [main/INFO] - com_electronwill_night-config_toml: 3.8.0
[20:29:28] [main/INFO] - com_teamresourceful_bytecodecs: 1.1.2
[20:29:28] [main/INFO] - com_teamresourceful_yabn: 1.0.3
[20:29:28] [main/INFO] - com_twelvemonkeys_common_common-image: 3.10.0
[20:29:28] [main/INFO] - com_twelvemonkeys_common_common-io: 3.10.0
[20:29:28] [main/INFO] - com_twelvemonkeys_common_common-lang: 3.10.0
[20:29:28] [main/INFO] - com_twelvemonkeys_imageio_imageio-core: 3.10.0
[20:29:28] [main/INFO] - com_twelvemonkeys_imageio_imageio-metadata: 3.10.0
[20:29:28] [main/INFO] - com_twelvemonkeys_imageio_imageio-webp: 3.10.0
[20:29:28] [main/INFO] - commonnetworking: 1.0.11-1.21
[20:29:28] [main/INFO] - error_notifier: 1.0.9
[20:29:28] [main/INFO] - fabric-api: 0.100.8+1.21
[20:29:28] [main/INFO] - fabric-api: 0.100.8+1.21
[20:29:28] [main/INFO] - fabric-api-base: 0.4.42+6573ed8cd1
[20:29:28] [main/INFO] - fabric-api-lookup-api-v1: 1.6.67+b5597344d1
[20:29:28] [main/INFO] - fabric-biome-api-v1: 13.0.29+5bd9f1bcd1
[20:29:28] [main/INFO] - fabric-block-api-v1: 1.0.22+0af3f5a7d1
[20:29:28] [main/INFO] - fabric-block-view-api-v2: 1.0.10+6573ed8cd1
[20:29:28] [main/INFO] - fabric-command-api-v1: 1.2.49+f71b366fd1
[20:29:28] [main/INFO] - fabric-command-api-v2: 2.2.28+6ced4dd9d1
[20:29:28] [main/INFO] - fabric-commands-v0: 0.2.66+df3654b3d1
[20:29:28] [main/INFO] - fabric-content-registries-v0: 8.0.15+b5597344d1
[20:29:28] [main/INFO] - fabric-convention-tags-v1: 2.0.18+7f945d5bd1
[20:29:28] [main/INFO] - fabric-convention-tags-v2: 2.4.2+c111832ad1
[20:29:28] [main/INFO] - fabric-crash-report-info-v1: 0.2.29+0af3f5a7d1
[20:29:28] [main/INFO] - fabric-data-attachment-api-v1: 1.1.25+6a6dfa19d1
[20:29:28] [main/INFO] - fabric-data-generation-api-v1: 20.2.13+16c4ae25d1
[20:29:28] [main/INFO] - fabric-dimensions-v1: 4.0.0+6fc22b99d1
[20:29:28] [main/INFO] - fabric-entity-events-v1: 1.6.12+6fc22b99d1
[20:29:28] [main/INFO] - fabric-events-interaction-v0: 0.7.10+e633f883d1
[20:29:28] [main/INFO] - fabric-game-rule-api-v1: 1.0.53+6ced4dd9d1
[20:29:28] [main/INFO] - fabric-item-api-v1: 11.0.0+afdfc921d1
[20:29:28] [main/INFO] - fabric-item-group-api-v1: 4.1.3+78017270d1
[20:29:28] [main/INFO] - fabric-language-kotlin: 1.11.0+kotlin.2.0.0
[20:29:28] [main/INFO] - fabric-lifecycle-events-v1: 2.3.11+8f3583aed1
[20:29:28] [main/INFO] - fabric-loot-api-v2: 3.0.13+3f89f5a5d1
[20:29:28] [main/INFO] - fabric-loot-api-v3: 1.0.1+3f89f5a5d1
[20:29:28] [main/INFO] - fabric-message-api-v1: 6.0.13+6573ed8cd1
[20:29:28] [main/INFO] - fabric-networking-api-v1: 4.2.0+ab7edbacd1
[20:29:28] [main/INFO] - fabric-object-builder-api-v1: 15.1.13+d1321076d1
[20:29:28] [main/INFO] - fabric-particles-v1: 4.0.2+6573ed8cd1
[20:29:28] [main/INFO] - fabric-recipe-api-v1: 5.0.10+65089712d1
[20:29:28] [main/INFO] - fabric-registry-sync-v0: 5.0.26+a5d66753d1
[20:29:28] [main/INFO] - fabric-rendering-data-attachment-v1: 0.3.48+73761d2ed1
[20:29:28] [main/INFO] - fabric-rendering-fluids-v1: 3.1.6+b5597344d1
[20:29:28] [main/INFO] - fabric-resource-conditions-api-v1: 4.2.1+d153f344d1
[20:29:28] [main/INFO] - fabric-resource-loader-v0: 1.2.0+7e687b32d1
[20:29:28] [main/INFO] - fabric-screen-handler-api-v1: 1.3.83+b5597344d1
[20:29:28] [main/INFO] - fabric-transfer-api-v1: 5.1.15+3dccd343d1
[20:29:28] [main/INFO] - fabric-transitive-access-wideners-v1: 6.0.12+6573ed8cd1
[20:29:28] [main/INFO] - fabricloader: 0.16.0
[20:29:28] [main/INFO] - fallingtree: 1.21.0.6
[20:29:28] [main/INFO] - forgeconfigapiport: 21.0.7
[20:29:28] [main/INFO] - gravestones: 1.0.9
[20:29:28] [main/INFO] - handcrafted: 4.0.1
[20:29:28] [main/INFO] - immersiveui: 0.2
[20:29:28] [main/INFO] - jade: 15.1.5+fabric
[20:29:28] [main/INFO] - java: 21
[20:29:28] [main/INFO] - journeymap: 1.21-6.0.0-beta.18
[20:29:28] [main/INFO] - journeymap-api-fabric: 2.0.0-1.21-SNAPSHOT
[20:29:28] [main/INFO] - lithium: 0.12.7
[20:29:28] [main/INFO] - mcwbridges: 3.0.0
[20:29:28] [main/INFO] - mcwfences: 1.1.2
[20:29:28] [main/INFO] - mcwfurnitures: 3.3.0
[20:29:28] [main/INFO] - minecraft: 1.21
[20:29:28] [main/INFO] - mixinextras: 0.4.0
[20:29:28] [main/INFO] - modernfix: 5.19.0+mc1.21
[20:29:28] [main/INFO] - mru: 0.4.4+1.21
[20:29:28] [main/INFO] - octolib: 0.4.2
[20:29:28] [main/INFO] - openpartiesandclaims: 0.23.2
[20:29:28] [main/INFO] - org_jetbrains_kotlin_kotlin-reflect: 2.0.0
[20:29:28] [main/INFO] - org_jetbrains_kotlin_kotlin-stdlib: 2.0.0
[20:29:28] [main/INFO] - org_jetbrains_kotlin_kotlin-stdlib-jdk7: 2.0.0
[20:29:28] [main/INFO] - org_jetbrains_kotlin_kotlin-stdlib-jdk8: 2.0.0
[20:29:28] [main/INFO] - org_jetbrains_kotlinx_atomicfu-jvm: 0.24.0
[20:29:28] [main/INFO] - org_jetbrains_kotlinx_kotlinx-coroutines-core-jvm: 1.8.1
[20:29:28] [main/INFO] - org_jetbrains_kotlinx_kotlinx-coroutines-jdk8: 1.8.1
[20:29:28] [main/INFO] - org_jetbrains_kotlinx_kotlinx-datetime-jvm: 0.6.0
[20:29:28] [main/INFO] - org_jetbrains_kotlinx_kotlinx-serialization-cbor-jvm: 1.6.3
[20:29:28] [main/INFO] - org_jetbrains_kotlinx_kotlinx-serialization-core-jvm: 1.6.3
[20:29:28] [main/INFO] - org_jetbrains_kotlinx_kotlinx-serialization-json-jvm: 1.6.3
[20:29:28] [main/INFO] - org_quiltmc_parsers_gson: 0.2.1
[20:29:28] [main/INFO] - org_quiltmc_parsers_json: 0.2.1
[20:29:28] [main/INFO] - org_yaml_snakeyaml: 2.2
[20:29:28] [main/INFO] - photography: 1.0.4+mc1.21
[20:29:28] [main/INFO] - placeholder-api: 2.4.1+1.21
[20:29:28] [main/INFO] - pneumonocore: 1.1.6
[20:29:28] [main/INFO] - resourcefullib: 3.0.9
[20:29:28] [main/INFO] - roughlyenoughitems: 16.0.744
[20:29:28] [main/INFO] - terralith: 2.5.4
[20:29:28] [main/INFO] - travelersbackpack: fabric-1.21-10.0.4
[20:29:28] [main/INFO] - trinkets: 3.10.0
[20:29:28] [main/INFO] - yet_another_config_lib_v3: 3.5.0+1.21-fabric
[20:29:28] [main/INFO] ========================================
[20:29:28] [main/INFO] [REI] Registered plugin provider DefaultPlugin [roughlyenoughitems] for REIPlugin
[20:29:28] [main/INFO] [REI] Registered plugin provider DefaultRuntimePlugin [roughlyenoughitems] for REIPlugin
[20:29:28] [main/INFO] [REI] Registered plugin provider ReiCompat [travelersbackpack] for REIPlugin
[20:29:28] [main/INFO] [REI] Registered plugin provider DefaultPlugin [roughlyenoughitems] for REIServerPlugin
[20:29:28] [main/INFO] [REI] Registered plugin provider DefaultRuntimePlugin [roughlyenoughitems] for REIServerPlugin
[20:29:28] [main/INFO] [REI] Registered plugin provider ReiCompat [travelersbackpack] for REIServerPlugin
[20:29:28] [main/INFO] [REI] Registered plugin provider FabricFluidAPISupportPlugin for REIServerPlugin
[20:29:28] [main/INFO] [REI] Registered plugin provider FabricFluidAPISupportPlugin for REIPlugin
[20:29:33] [Worker-Main-1/DEBUG] [REI] Processed 0 tags in 40.00 μs for minecraft:banner_pattern
[20:29:33] [Worker-Main-1/DEBUG] [REI] Processed 0 tags in 7.995 μs for minecraft:painting_variant
[20:29:33] [Worker-Main-1/DEBUG] [REI] Processed 5 tags in 1.428 ms for minecraft:fluid
[20:29:33] [Worker-Main-1/DEBUG] [REI] Processed 2 tags in 28.24 μs for minecraft:cat_variant
[20:29:33] [Worker-Main-1/DEBUG] [REI] Processed 5 tags in 625.6 μs for minecraft:game_event
[20:29:33] [Worker-Main-1/DEBUG] [REI] Processed 0 tags in 15.04 μs for minecraft:worldgen/structure
[20:29:34] [Worker-Main-1/DEBUG] [REI] Processed 358 tags in 14.95 ms for minecraft:block
[20:29:34] [Worker-Main-1/DEBUG] [REI] Processed 0 tags in 8.065 μs for minecraft:worldgen/world_preset
[20:29:34] [Worker-Main-1/DEBUG] [REI] Processed 0 tags in 51.21 μs for minecraft:worldgen/biome
[20:29:34] [Worker-Main-1/DEBUG] [REI] Processed 371 tags in 1.485 ms for minecraft:item
[20:29:34] [Worker-Main-1/DEBUG] [REI] Processed 0 tags in 10.62 μs for minecraft:enchantment
[20:29:34] [Worker-Main-1/DEBUG] [REI] Processed 3 tags in 13.01 μs for minecraft:instrument
[20:29:34] [Worker-Main-1/DEBUG] [REI] Processed 38 tags in 104.0 μs for minecraft:entity_type
[20:29:34] [Worker-Main-1/DEBUG] [REI] Processed 0 tags in 3.316 μs for minecraft:worldgen/flat_level_generator_preset
[20:29:34] [Worker-Main-1/DEBUG] [REI] Processed 3 tags in 14.38 μs for minecraft:point_of_interest_type
[20:29:34] [Worker-Main-1/DEBUG] [REI] Processed 0 tags in 9.328 μs for minecraft:damage_type
[20:29:35] [main/DEBUG] [REI] ========================================
[20:29:35] [main/DEBUG] [REI] REIPlugin starting pre-reload for START.
[20:29:35] [main/DEBUG] [REI] Reloadables (7):
[20:29:35] [main/DEBUG] [REI]  - EntryTypeRegistryImpl
[20:29:35] [main/DEBUG] [REI]  - EntrySettingsAdapterRegistryImpl
[20:29:35] [main/DEBUG] [REI]  - RecipeManagerContextImpl
[20:29:35] [main/DEBUG] [REI]  - ItemComparatorRegistryImpl
[20:29:35] [main/DEBUG] [REI]  - FluidComparatorRegistryImpl
[20:29:35] [main/DEBUG] [REI]  - DisplaySerializerRegistryImpl
[20:29:35] [main/DEBUG] [REI]  - FluidSupportProviderImpl
[20:29:35] [main/DEBUG] [REI] Plugins (4):
[20:29:35] [main/DEBUG] [REI]  - (-100.00) DefaultPlugin of DefaultPlugin [roughlyenoughitems]
[20:29:35] [main/DEBUG] [REI]  - (0.00) FabricFluidAPISupportPlugin
[20:29:35] [main/DEBUG] [REI]  - (0.00) ReiCompat of ReiCompat [travelersbackpack]
[20:29:35] [main/DEBUG] [REI]  - (0.00) DefaultRuntimePlugin of DefaultRuntimePlugin [roughlyenoughitems]
[20:29:35] [main/DEBUG] [REI] ========================================
[20:29:35] [main/TRACE] [REI] [REIPlugin START] Reloading Section: "pre-register/"
[20:29:35] [main/TRACE] [REI] [REIPlugin START] Reloading Section: "pre-register/DefaultPlugin of DefaultPlugin [roughlyenoughitems]/"
[20:29:35] [main/TRACE] [REI] [REIPlugin START] Reloading Section: "pre-register/DefaultPlugin of DefaultPlugin [roughlyenoughitems]/" done in 1.512 ms
[20:29:35] [main/TRACE] [REI] [REIPlugin START] Reloading Section: "pre-register/FabricFluidAPISupportPlugin/"
[20:29:35] [main/TRACE] [REI] [REIPlugin START] Reloading Section: "pre-register/FabricFluidAPISupportPlugin/" done in 16.92 μs
[20:29:35] [main/TRACE] [REI] [REIPlugin START] Reloading Section: "pre-register/ReiCompat of ReiCompat [travelersbackpack]/"
[20:29:35] [main/TRACE] [REI] [REIPlugin START] Reloading Section: "pre-register/ReiCompat of ReiCompat [travelersbackpack]/" done in 12.84 μs
[20:29:35] [main/TRACE] [REI] [REIPlugin START] Reloading Section: "pre-register/DefaultRuntimePlugin of DefaultRuntimePlugin [roughlyenoughitems]/"
[20:29:35] [main/TRACE] [REI] [REIPlugin START] Reloading Section: "pre-register/DefaultRuntimePlugin of DefaultRuntimePlugin [roughlyenoughitems]/" done in 12.36 μs
[20:29:35] [main/TRACE] [REI] [REIPlugin START] Reloading Section: "pre-register/" done in 33.89 ms
[20:29:35] [main/TRACE] [REI] [REIPlugin START] Reloading Section: "pre-stage/"
[20:29:35] [main/TRACE] [REI] [REIPlugin START] Reloading Section: "pre-stage/EntryTypeRegistryImpl/"
[20:29:35] [main/TRACE] [REI] [REIPlugin START] Reloading Section: "pre-stage/EntryTypeRegistryImpl/" done in 242.8 μs
[20:29:35] [main/TRACE] [REI] [REIPlugin START] Reloading Section: "pre-stage/EntrySettingsAdapterRegistryImpl/"
[20:29:35] [main/TRACE] [REI] [REIPlugin START] Reloading Section: "pre-stage/EntrySettingsAdapterRegistryImpl/" done in 10.98 μs
[20:29:35] [main/TRACE] [REI] [REIPlugin START] Reloading Section: "pre-stage/RecipeManagerContextImpl/"
[20:29:35] [main/TRACE] [REI] [REIPlugin START] Reloading Section: "pre-stage/RecipeManagerContextImpl/" done in 9.408 μs
[20:29:35] [main/TRACE] [REI] [REIPlugin START] Reloading Section: "pre-stage/ItemComparatorRegistryImpl/"
[20:29:35] [main/TRACE] [REI] [REIPlugin START] Reloading Section: "pre-stage/ItemComparatorRegistryImpl/" done in 9.678 μs
[20:29:35] [main/TRACE] [REI] [REIPlugin START] Reloading Section: "pre-stage/FluidComparatorRegistryImpl/"
[20:29:35] [main/TRACE] [REI] [REIPlugin START] Reloading Section: "pre-stage/FluidComparatorRegistryImpl/" done in 9.208 μs
[20:29:35] [main/TRACE] [REI] [REIPlugin START] Reloading Section: "pre-stage/DisplaySerializerRegistryImpl/"
[20:29:35] [main/TRACE] [REI] [REIPlugin START] Reloading Section: "pre-stage/DisplaySerializerRegistryImpl/" done in 7.705 μs
[20:29:35] [main/TRACE] [REI] [REIPlugin START] Reloading Section: "pre-stage/FluidSupportProviderImpl/"
[20:29:35] [main/TRACE] [REI] [REIPlugin START] Reloading Section: "pre-stage/FluidSupportProviderImpl/" done in 7.264 μs
[20:29:35] [main/TRACE] [REI] [REIPlugin START] Reloading Section: "pre-stage/" done in 3.737 ms
[20:29:35] [main/DEBUG] [REI] ========================================
[20:29:35] [main/DEBUG] [REI] REIPlugin finished pre-reload for START in 40.00 ms.
[20:29:35] [main/DEBUG] [REI] ========================================
[20:29:35] [main/DEBUG] [REI] ========================================
[20:29:35] [main/DEBUG] [REI] REIServerPlugin starting pre-reload for START.
[20:29:35] [main/DEBUG] [REI] Reloadables (2):
[20:29:35] [main/DEBUG] [REI]  - MenuInfoRegistryImpl
[20:29:35] [main/DEBUG] [REI]  - SlotAccessorRegistryImpl
[20:29:35] [main/DEBUG] [REI] Plugins (4):
[20:29:35] [main/DEBUG] [REI]  - (-100.00) DefaultPlugin of DefaultPlugin [roughlyenoughitems]
[20:29:35] [main/DEBUG] [REI]  - (0.00) FabricFluidAPISupportPlugin
[20:29:35] [main/DEBUG] [REI]  - (0.00) ReiCompat of ReiCompat [travelersbackpack]
[20:29:35] [main/DEBUG] [REI]  - (0.00) DefaultRuntimePlugin of DefaultRuntimePlugin [roughlyenoughitems]
[20:29:35] [main/DEBUG] [REI] ========================================
[20:29:35] [main/TRACE] [REI] [REIServerPlugin START] Reloading Section: "pre-register/"
[20:29:35] [main/TRACE] [REI] [REIServerPlugin START] Reloading Section: "pre-register/DefaultPlugin of DefaultPlugin [roughlyenoughitems]/"
[20:29:35] [main/TRACE] [REI] [REIServerPlugin START] Reloading Section: "pre-register/DefaultPlugin of DefaultPlugin [roughlyenoughitems]/" done in 25.46 μs
[20:29:35] [main/TRACE] [REI] [REIServerPlugin START] Reloading Section: "pre-register/FabricFluidAPISupportPlugin/"
[20:29:35] [main/TRACE] [REI] [REIServerPlugin START] Reloading Section: "pre-register/FabricFluidAPISupportPlugin/" done in 27.77 μs
[20:29:35] [main/TRACE] [REI] [REIServerPlugin START] Reloading Section: "pre-register/ReiCompat of ReiCompat [travelersbackpack]/"
[20:29:35] [main/TRACE] [REI] [REIServerPlugin START] Reloading Section: "pre-register/ReiCompat of ReiCompat [travelersbackpack]/" done in 18.39 μs
[20:29:35] [main/TRACE] [REI] [REIServerPlugin START] Reloading Section: "pre-register/DefaultRuntimePlugin of DefaultRuntimePlugin [roughlyenoughitems]/"
[20:29:35] [main/TRACE] [REI] [REIServerPlugin START] Reloading Section: "pre-register/DefaultRuntimePlugin of DefaultRuntimePlugin [roughlyenoughitems]/" done in 17.54 μs
[20:29:35] [main/TRACE] [REI] [REIServerPlugin START] Reloading Section: "pre-register/" done in 5.086 ms
[20:29:35] [main/TRACE] [REI] [REIServerPlugin START] Reloading Section: "pre-stage/"
[20:29:35] [main/TRACE] [REI] [REIServerPlugin START] Reloading Section: "pre-stage/MenuInfoRegistryImpl/"
[20:29:35] [main/TRACE] [REI] [REIServerPlugin START] Reloading Section: "pre-stage/MenuInfoRegistryImpl/" done in 34.00 μs
[20:29:35] [main/TRACE] [REI] [REIServerPlugin START] Reloading Section: "pre-stage/SlotAccessorRegistryImpl/"
[20:29:35] [main/TRACE] [REI] [REIServerPlugin START] Reloading Section: "pre-stage/SlotAccessorRegistryImpl/" done in 12.37 μs
[20:29:35] [main/TRACE] [REI] [REIServerPlugin START] Reloading Section: "pre-stage/" done in 1.039 ms
[20:29:35] [main/DEBUG] [REI] ========================================
[20:29:35] [main/DEBUG] [REI] REIServerPlugin finished pre-reload for START in 15.17 ms.
[20:29:35] [main/DEBUG] [REI] ========================================
[20:29:35] [main/INFO] [REI] OOOOOOOOOOOOOOOOOOOOOOOOOOOOOOOOOOOOOOOO
[20:29:35] [main/INFO] [REI] REIPlugin starting main-reload for START.
[20:29:35] [main/DEBUG] [REI] Reloadables (7):
[20:29:35] [main/DEBUG] [REI]  - EntryTypeRegistryImpl
[20:29:35] [main/DEBUG] [REI]  - EntrySettingsAdapterRegistryImpl
[20:29:35] [main/DEBUG] [REI]  - RecipeManagerContextImpl
[20:29:35] [main/DEBUG] [REI]  - ItemComparatorRegistryImpl
[20:29:35] [main/DEBUG] [REI]  - FluidComparatorRegistryImpl
[20:29:35] [main/DEBUG] [REI]  - DisplaySerializerRegistryImpl
[20:29:35] [main/DEBUG] [REI]  - FluidSupportProviderImpl
[20:29:35] [main/INFO] [REI] Plugins (4):
[20:29:35] [main/INFO] [REI]  - (-100.00) DefaultPlugin of DefaultPlugin [roughlyenoughitems]
[20:29:35] [main/INFO] [REI]  - (0.00) FabricFluidAPISupportPlugin
[20:29:35] [main/INFO] [REI]  - (0.00) ReiCompat of ReiCompat [travelersbackpack]
[20:29:35] [main/INFO] [REI]  - (0.00) DefaultRuntimePlugin of DefaultRuntimePlugin [roughlyenoughitems]
[20:29:35] [main/INFO] [REI] OOOOOOOOOOOOOOOOOOOOOOOOOOOOOOOOOOOOOOOO
[20:29:35] [main/TRACE] [REI] [REIPlugin START] Reloading Section: "start-reload/"
[20:29:35] [main/TRACE] [REI] [REIPlugin START] Reloading Section: "start-reload/EntryTypeRegistryImpl/"
[20:29:35] [main/TRACE] [REI] [REIPlugin START] Reloading Section: "start-reload/EntryTypeRegistryImpl/" done in 54.90 μs
[20:29:35] [main/TRACE] [REI] [REIPlugin START] Reloading Section: "start-reload/EntrySettingsAdapterRegistryImpl/"
[20:29:35] [main/TRACE] [REI] [REIPlugin START] Reloading Section: "start-reload/EntrySettingsAdapterRegistryImpl/" done in 25.84 μs
[20:29:35] [main/TRACE] [REI] [REIPlugin START] Reloading Section: "start-reload/RecipeManagerContextImpl/"
[20:29:35] [main/TRACE] [REI] [REIPlugin START] Reloading Section: "start-reload/RecipeManagerContextImpl/" done in 13.35 μs
[20:29:35] [main/TRACE] [REI] [REIPlugin START] Reloading Section: "start-reload/ItemComparatorRegistryImpl/"
[20:29:35] [main/TRACE] [REI] [REIPlugin START] Reloading Section: "start-reload/ItemComparatorRegistryImpl/" done in 36.17 μs
[20:29:35] [main/TRACE] [REI] [REIPlugin START] Reloading Section: "start-reload/FluidComparatorRegistryImpl/"
[20:29:35] [main/TRACE] [REI] [REIPlugin START] Reloading Section: "start-reload/FluidComparatorRegistryImpl/" done in 15.65 μs
[20:29:35] [main/TRACE] [REI] [REIPlugin START] Reloading Section: "start-reload/DisplaySerializerRegistryImpl/"
[20:29:35] [main/TRACE] [REI] [REIPlugin START] Reloading Section: "start-reload/DisplaySerializerRegistryImpl/" done in 11.62 μs
[20:29:35] [main/TRACE] [REI] [REIPlugin START] Reloading Section: "start-reload/FluidSupportProviderImpl/"
[20:29:35] [main/TRACE] [REI] [REIPlugin START] Reloading Section: "start-reload/FluidSupportProviderImpl/" done in 27.56 μs
[20:29:35] [main/TRACE] [REI] [REIPlugin START] Reloading Section: "start-reload/" done in 9.593 ms
[20:29:35] [main/DEBUG] [REI] ========================================
[20:29:35] [main/DEBUG] [REI] REIPlugin started main-reload for START.
[20:29:35] [main/DEBUG] [REI] ========================================
[20:29:35] [main/TRACE] [REI] [REIPlugin START] Reloading Section: "reloadable-plugin/EntryTypeRegistryImpl/"
[20:29:35] [main/TRACE] [REI] [REIPlugin START] Reloading Section: "reloadable-plugin/EntryTypeRegistryImpl/DefaultPlugin of DefaultPlugin [roughlyenoughitems]/"
[20:29:35] [main/TRACE] [REI] [REIPlugin START] Reloading Section: "reloadable-plugin/EntryTypeRegistryImpl/DefaultPlugin of DefaultPlugin [roughlyenoughitems]/" done in 353.8 μs
[20:29:35] [main/TRACE] [REI] [REIPlugin START] Reloading Section: "reloadable-plugin/EntryTypeRegistryImpl/FabricFluidAPISupportPlugin/"
[20:29:35] [main/TRACE] [REI] [REIPlugin START] Reloading Section: "reloadable-plugin/EntryTypeRegistryImpl/FabricFluidAPISupportPlugin/" done in 22.64 μs
[20:29:35] [main/TRACE] [REI] [REIPlugin START] Reloading Section: "reloadable-plugin/EntryTypeRegistryImpl/ReiCompat of ReiCompat [travelersbackpack]/"
[20:29:35] [main/TRACE] [REI] [REIPlugin START] Reloading Section: "reloadable-plugin/EntryTypeRegistryImpl/ReiCompat of ReiCompat [travelersbackpack]/" done in 19.91 μs
[20:29:35] [main/TRACE] [REI] [REIPlugin START] Reloading Section: "reloadable-plugin/EntryTypeRegistryImpl/DefaultRuntimePlugin of DefaultRuntimePlugin [roughlyenoughitems]/"
[20:29:35] [main/TRACE] [REI] [REIPlugin START] Reloading Section: "reloadable-plugin/EntryTypeRegistryImpl/DefaultRuntimePlugin of DefaultRuntimePlugin [roughlyenoughitems]/" done in 13.83 ms
[20:29:35] [main/TRACE] [REI] [REIPlugin START] Reloading Section: "reloadable-plugin/EntryTypeRegistryImpl/" done in 21.63 ms
[20:29:35] [main/TRACE] [REI] [REIPlugin START] Reloading Section: "reloadable-plugin/EntrySettingsAdapterRegistryImpl/"
[20:29:35] [main/TRACE] [REI] [REIPlugin START] Reloading Section: "reloadable-plugin/EntrySettingsAdapterRegistryImpl/DefaultPlugin of DefaultPlugin [roughlyenoughitems]/"
[20:29:35] [main/TRACE] [REI] [REIPlugin START] Reloading Section: "reloadable-plugin/EntrySettingsAdapterRegistryImpl/DefaultPlugin of DefaultPlugin [roughlyenoughitems]/" done in 24.11 μs
[20:29:35] [main/TRACE] [REI] [REIPlugin START] Reloading Section: "reloadable-plugin/EntrySettingsAdapterRegistryImpl/FabricFluidAPISupportPlugin/"
[20:29:35] [main/TRACE] [REI] [REIPlugin START] Reloading Section: "reloadable-plugin/EntrySettingsAdapterRegistryImpl/FabricFluidAPISupportPlugin/" done in 21.59 μs
[20:29:35] [main/TRACE] [REI] [REIPlugin START] Reloading Section: "reloadable-plugin/EntrySettingsAdapterRegistryImpl/ReiCompat of ReiCompat [travelersbackpack]/"
[20:29:35] [main/TRACE] [REI] [REIPlugin START] Reloading Section: "reloadable-plugin/EntrySettingsAdapterRegistryImpl/ReiCompat of ReiCompat [travelersbackpack]/" done in 141.9 μs
[20:29:35] [main/TRACE] [REI] [REIPlugin START] Reloading Section: "reloadable-plugin/EntrySettingsAdapterRegistryImpl/DefaultRuntimePlugin of DefaultRuntimePlugin [roughlyenoughitems]/"
[20:29:35] [main/TRACE] [REI] [REIPlugin START] Reloading Section: "reloadable-plugin/EntrySettingsAdapterRegistryImpl/DefaultRuntimePlugin of DefaultRuntimePlugin [roughlyenoughitems]/" done in 22.22 μs
[20:29:35] [main/TRACE] [REI] [REIPlugin START] Reloading Section: "reloadable-plugin/EntrySettingsAdapterRegistryImpl/" done in 12.08 ms
[20:29:35] [main/TRACE] [REI] [REIPlugin START] Reloading Section: "reloadable-plugin/RecipeManagerContextImpl/"
[20:29:35] [main/TRACE] [REI] [REIPlugin START] Reloading Section: "reloadable-plugin/RecipeManagerContextImpl/DefaultPlugin of DefaultPlugin [roughlyenoughitems]/"
[20:29:35] [main/TRACE] [REI] [REIPlugin START] Reloading Section: "reloadable-plugin/RecipeManagerContextImpl/DefaultPlugin of DefaultPlugin [roughlyenoughitems]/" done in 18.04 μs
[20:29:35] [main/TRACE] [REI] [REIPlugin START] Reloading Section: "reloadable-plugin/RecipeManagerContextImpl/FabricFluidAPISupportPlugin/"
[20:29:35] [main/TRACE] [REI] [REIPlugin START] Reloading Section: "reloadable-plugin/RecipeManagerContextImpl/FabricFluidAPISupportPlugin/" done in 16.58 μs
[20:29:35] [main/TRACE] [REI] [REIPlugin START] Reloading Section: "reloadable-plugin/RecipeManagerContextImpl/ReiCompat of ReiCompat [travelersbackpack]/"
[20:29:35] [main/TRACE] [REI] [REIPlugin START] Reloading Section: "reloadable-plugin/RecipeManagerContextImpl/ReiCompat of ReiCompat [travelersbackpack]/" done in 15.54 μs
[20:29:35] [main/TRACE] [REI] [REIPlugin START] Reloading Section: "reloadable-plugin/RecipeManagerContextImpl/DefaultRuntimePlugin of DefaultRuntimePlugin [roughlyenoughitems]/"
[20:29:35] [main/TRACE] [REI] [REIPlugin START] Reloading Section: "reloadable-plugin/RecipeManagerContextImpl/DefaultRuntimePlugin of DefaultRuntimePlugin [roughlyenoughitems]/" done in 16.47 μs
[20:29:35] [main/TRACE] [REI] [REIPlugin START] Reloading Section: "reloadable-plugin/RecipeManagerContextImpl/" done in 4.159 ms
[20:29:35] [main/TRACE] [REI] [REIPlugin START] Reloading Section: "reloadable-plugin/ItemComparatorRegistryImpl/"
[20:29:35] [main/TRACE] [REI] [REIPlugin START] Reloading Section: "reloadable-plugin/ItemComparatorRegistryImpl/DefaultPlugin of DefaultPlugin [roughlyenoughitems]/"
[20:29:35] [main/TRACE] [REI] [REIPlugin START] Reloading Section: "reloadable-plugin/ItemComparatorRegistryImpl/DefaultPlugin of DefaultPlugin [roughlyenoughitems]/" done in 1.522 ms
[20:29:35] [main/TRACE] [REI] [REIPlugin START] Reloading Section: "reloadable-plugin/ItemComparatorRegistryImpl/FabricFluidAPISupportPlugin/"
[20:29:35] [main/TRACE] [REI] [REIPlugin START] Reloading Section: "reloadable-plugin/ItemComparatorRegistryImpl/FabricFluidAPISupportPlugin/" done in 27.17 μs
[20:29:35] [main/TRACE] [REI] [REIPlugin START] Reloading Section: "reloadable-plugin/ItemComparatorRegistryImpl/ReiCompat of ReiCompat [travelersbackpack]/"
[20:29:35] [main/TRACE] [REI] [REIPlugin START] Reloading Section: "reloadable-plugin/ItemComparatorRegistryImpl/ReiCompat of ReiCompat [travelersbackpack]/" done in 23.32 μs
[20:29:35] [main/TRACE] [REI] [REIPlugin START] Reloading Section: "reloadable-plugin/ItemComparatorRegistryImpl/DefaultRuntimePlugin of DefaultRuntimePlugin [roughlyenoughitems]/"
[20:29:35] [main/TRACE] [REI] [REIPlugin START] Reloading Section: "reloadable-plugin/ItemComparatorRegistryImpl/DefaultRuntimePlugin of DefaultRuntimePlugin [roughlyenoughitems]/" done in 21.06 μs
[20:29:35] [main/TRACE] [REI] [REIPlugin START] Reloading Section: "reloadable-plugin/ItemComparatorRegistryImpl/" done in 15.22 ms
[20:29:35] [main/TRACE] [REI] [REIPlugin START] Reloading Section: "reloadable-plugin/FluidComparatorRegistryImpl/"
[20:29:35] [main/TRACE] [REI] [REIPlugin START] Reloading Section: "reloadable-plugin/FluidComparatorRegistryImpl/DefaultPlugin of DefaultPlugin [roughlyenoughitems]/"
[20:29:35] [main/TRACE] [REI] [REIPlugin START] Reloading Section: "reloadable-plugin/FluidComparatorRegistryImpl/DefaultPlugin of DefaultPlugin [roughlyenoughitems]/" done in 29.93 μs
[20:29:35] [main/TRACE] [REI] [REIPlugin START] Reloading Section: "reloadable-plugin/FluidComparatorRegistryImpl/FabricFluidAPISupportPlugin/"
[20:29:35] [main/TRACE] [REI] [REIPlugin START] Reloading Section: "reloadable-plugin/FluidComparatorRegistryImpl/FabricFluidAPISupportPlugin/" done in 17.76 μs
[20:29:35] [main/TRACE] [REI] [REIPlugin START] Reloading Section: "reloadable-plugin/FluidComparatorRegistryImpl/ReiCompat of ReiCompat [travelersbackpack]/"
[20:29:35] [main/TRACE] [REI] [REIPlugin START] Reloading Section: "reloadable-plugin/FluidComparatorRegistryImpl/ReiCompat of ReiCompat [travelersbackpack]/" done in 20.43 μs
[20:29:35] [main/TRACE] [REI] [REIPlugin START] Reloading Section: "reloadable-plugin/FluidComparatorRegistryImpl/DefaultRuntimePlugin of DefaultRuntimePlugin [roughlyenoughitems]/"
[20:29:35] [main/TRACE] [REI] [REIPlugin START] Reloading Section: "reloadable-plugin/FluidComparatorRegistryImpl/DefaultRuntimePlugin of DefaultRuntimePlugin [roughlyenoughitems]/" done in 16.76 μs
[20:29:35] [main/TRACE] [REI] [REIPlugin START] Reloading Section: "reloadable-plugin/FluidComparatorRegistryImpl/" done in 3.487 ms
[20:29:35] [main/TRACE] [REI] [REIPlugin START] Reloading Section: "reloadable-plugin/DisplaySerializerRegistryImpl/"
[20:29:35] [main/TRACE] [REI] [REIPlugin START] Reloading Section: "reloadable-plugin/DisplaySerializerRegistryImpl/DefaultPlugin of DefaultPlugin [roughlyenoughitems]/"
[20:29:35] [main/TRACE] [REI] [REIPlugin START] Reloading Section: "reloadable-plugin/DisplaySerializerRegistryImpl/DefaultPlugin of DefaultPlugin [roughlyenoughitems]/" done in 16.14 μs
[20:29:35] [main/TRACE] [REI] [REIPlugin START] Reloading Section: "reloadable-plugin/DisplaySerializerRegistryImpl/FabricFluidAPISupportPlugin/"
[20:29:35] [main/TRACE] [REI] [REIPlugin START] Reloading Section: "reloadable-plugin/DisplaySerializerRegistryImpl/FabricFluidAPISupportPlugin/" done in 14.80 μs
[20:29:35] [main/TRACE] [REI] [REIPlugin START] Reloading Section: "reloadable-plugin/DisplaySerializerRegistryImpl/ReiCompat of ReiCompat [travelersbackpack]/"
[20:29:35] [main/TRACE] [REI] [REIPlugin START] Reloading Section: "reloadable-plugin/DisplaySerializerRegistryImpl/ReiCompat of ReiCompat [travelersbackpack]/" done in 14.14 μs
[20:29:35] [main/TRACE] [REI] [REIPlugin START] Reloading Section: "reloadable-plugin/DisplaySerializerRegistryImpl/DefaultRuntimePlugin of DefaultRuntimePlugin [roughlyenoughitems]/"
[20:29:35] [main/TRACE] [REI] [REIPlugin START] Reloading Section: "reloadable-plugin/DisplaySerializerRegistryImpl/DefaultRuntimePlugin of DefaultRuntimePlugin [roughlyenoughitems]/" done in 15.58 μs
[20:29:35] [main/TRACE] [REI] [REIPlugin START] Reloading Section: "reloadable-plugin/DisplaySerializerRegistryImpl/" done in 3.637 ms
[20:29:35] [main/TRACE] [REI] [REIPlugin START] Reloading Section: "reloadable-plugin/FluidSupportProviderImpl/"
[20:29:35] [main/TRACE] [REI] [REIPlugin START] Reloading Section: "reloadable-plugin/FluidSupportProviderImpl/DefaultPlugin of DefaultPlugin [roughlyenoughitems]/"
[20:29:35] [main/TRACE] [REI] [REIPlugin START] Reloading Section: "reloadable-plugin/FluidSupportProviderImpl/DefaultPlugin of DefaultPlugin [roughlyenoughitems]/" done in 741.9 μs
[20:29:35] [main/TRACE] [REI] [REIPlugin START] Reloading Section: "reloadable-plugin/FluidSupportProviderImpl/FabricFluidAPISupportPlugin/"
[20:29:35] [main/TRACE] [REI] [REIPlugin START] Reloading Section: "reloadable-plugin/FluidSupportProviderImpl/FabricFluidAPISupportPlugin/" done in 236.7 μs
[20:29:35] [main/TRACE] [REI] [REIPlugin START] Reloading Section: "reloadable-plugin/FluidSupportProviderImpl/ReiCompat of ReiCompat [travelersbackpack]/"
[20:29:35] [main/TRACE] [REI] [REIPlugin START] Reloading Section: "reloadable-plugin/FluidSupportProviderImpl/ReiCompat of ReiCompat [travelersbackpack]/" done in 24.67 μs
[20:29:35] [main/TRACE] [REI] [REIPlugin START] Reloading Section: "reloadable-plugin/FluidSupportProviderImpl/DefaultRuntimePlugin of DefaultRuntimePlugin [roughlyenoughitems]/"
[20:29:35] [main/TRACE] [REI] [REIPlugin START] Reloading Section: "reloadable-plugin/FluidSupportProviderImpl/DefaultRuntimePlugin of DefaultRuntimePlugin [roughlyenoughitems]/" done in 19.85 μs
[20:29:35] [main/TRACE] [REI] [REIPlugin START] Reloading Section: "reloadable-plugin/FluidSupportProviderImpl/" done in 8.917 ms
[20:29:35] [main/DEBUG] [REI] ========================================
[20:29:35] [main/DEBUG] [REI] REIPlugin ending main-reload for START.
[20:29:35] [main/DEBUG] [REI] ========================================
[20:29:35] [main/TRACE] [REI] [REIPlugin START] Reloading Section: "end-reload/"
[20:29:35] [main/TRACE] [REI] [REIPlugin START] Reloading Section: "end-reload/EntryTypeRegistryImpl/"
[20:29:35] [main/TRACE] [REI] [REIPlugin START] Reloading Section: "end-reload/EntryTypeRegistryImpl/" done in 19.81 μs
[20:29:35] [main/TRACE] [REI] [REIPlugin START] Reloading Section: "end-reload/EntrySettingsAdapterRegistryImpl/"
[20:29:35] [main/TRACE] [REI] [REIPlugin START] Reloading Section: "end-reload/EntrySettingsAdapterRegistryImpl/" done in 14.29 μs
[20:29:35] [main/TRACE] [REI] [REIPlugin START] Reloading Section: "end-reload/RecipeManagerContextImpl/"
[20:29:35] [main/TRACE] [REI] [REIPlugin START] Reloading Section: "end-reload/RecipeManagerContextImpl/" done in 9.538 μs
[20:29:35] [main/TRACE] [REI] [REIPlugin START] Reloading Section: "end-reload/ItemComparatorRegistryImpl/"
[20:29:35] [main/TRACE] [REI] [REIPlugin START] Reloading Section: "end-reload/ItemComparatorRegistryImpl/" done in 10.32 μs
[20:29:35] [main/TRACE] [REI] [REIPlugin START] Reloading Section: "end-reload/FluidComparatorRegistryImpl/"
[20:29:35] [main/TRACE] [REI] [REIPlugin START] Reloading Section: "end-reload/FluidComparatorRegistryImpl/" done in 8.586 μs
[20:29:35] [main/TRACE] [REI] [REIPlugin START] Reloading Section: "end-reload/DisplaySerializerRegistryImpl/"
[20:29:35] [main/TRACE] [REI] [REIPlugin START] Reloading Section: "end-reload/DisplaySerializerRegistryImpl/" done in 9.077 μs
[20:29:35] [main/TRACE] [REI] [REIPlugin START] Reloading Section: "end-reload/FluidSupportProviderImpl/"
[20:29:35] [main/TRACE] [REI] [REIPlugin START] Reloading Section: "end-reload/FluidSupportProviderImpl/" done in 9.097 μs
[20:29:35] [main/TRACE] [REI] [REIPlugin START] Reloading Section: "end-reload/" done in 3.564 ms
[20:29:35] [main/DEBUG] [REI] ========================================
[20:29:35] [main/DEBUG] [REI] REIPlugin ended main-reload for START in 116.8 ms.
[20:29:35] [main/DEBUG] [REI] ========================================
[20:29:35] [main/INFO] [REI] ----------------------------------------
[20:29:35] [main/INFO] [REI] REIServerPlugin starting main-reload for START.
[20:29:35] [main/DEBUG] [REI] Reloadables (2):
[20:29:35] [main/DEBUG] [REI]  - MenuInfoRegistryImpl
[20:29:35] [main/DEBUG] [REI]  - SlotAccessorRegistryImpl
[20:29:35] [main/INFO] [REI] Plugins (4):
[20:29:35] [main/INFO] [REI]  - (-100.00) DefaultPlugin of DefaultPlugin [roughlyenoughitems]
[20:29:35] [main/INFO] [REI]  - (0.00) FabricFluidAPISupportPlugin
[20:29:35] [main/INFO] [REI]  - (0.00) ReiCompat of ReiCompat [travelersbackpack]
[20:29:35] [main/INFO] [REI]  - (0.00) DefaultRuntimePlugin of DefaultRuntimePlugin [roughlyenoughitems]
[20:29:35] [main/INFO] [REI] ----------------------------------------
[20:29:35] [main/TRACE] [REI] [REIServerPlugin START] Reloading Section: "start-reload/"
[20:29:35] [main/TRACE] [REI] [REIServerPlugin START] Reloading Section: "start-reload/MenuInfoRegistryImpl/"
[20:29:35] [main/TRACE] [REI] [REIServerPlugin START] Reloading Section: "start-reload/MenuInfoRegistryImpl/" done in 16.98 μs
[20:29:35] [main/TRACE] [REI] [REIServerPlugin START] Reloading Section: "start-reload/SlotAccessorRegistryImpl/"
[20:29:35] [main/TRACE] [REI] [REIServerPlugin START] Reloading Section: "start-reload/SlotAccessorRegistryImpl/" done in 19.64 μs
[20:29:35] [main/TRACE] [REI] [REIServerPlugin START] Reloading Section: "start-reload/" done in 2.497 ms
[20:29:35] [main/DEBUG] [REI] ========================================
[20:29:35] [main/DEBUG] [REI] REIServerPlugin started main-reload for START.
[20:29:35] [main/DEBUG] [REI] ========================================
[20:29:35] [main/TRACE] [REI] [REIServerPlugin START] Reloading Section: "reloadable-plugin/MenuInfoRegistryImpl/"
[20:29:35] [main/TRACE] [REI] [REIServerPlugin START] Reloading Section: "reloadable-plugin/MenuInfoRegistryImpl/DefaultPlugin of DefaultPlugin [roughlyenoughitems]/"
[20:29:35] [main/TRACE] [REI] [REIServerPlugin START] Reloading Section: "reloadable-plugin/MenuInfoRegistryImpl/DefaultPlugin of DefaultPlugin [roughlyenoughitems]/" done in 22.62 μs
[20:29:35] [main/TRACE] [REI] [REIServerPlugin START] Reloading Section: "reloadable-plugin/MenuInfoRegistryImpl/FabricFluidAPISupportPlugin/"
[20:29:35] [main/TRACE] [REI] [REIServerPlugin START] Reloading Section: "reloadable-plugin/MenuInfoRegistryImpl/FabricFluidAPISupportPlugin/" done in 23.63 μs
[20:29:35] [main/TRACE] [REI] [REIServerPlugin START] Reloading Section: "reloadable-plugin/MenuInfoRegistryImpl/ReiCompat of ReiCompat [travelersbackpack]/"
[20:29:35] [main/TRACE] [REI] [REIServerPlugin START] Reloading Section: "reloadable-plugin/MenuInfoRegistryImpl/ReiCompat of ReiCompat [travelersbackpack]/" done in 25.22 μs
[20:29:35] [main/TRACE] [REI] [REIServerPlugin START] Reloading Section: "reloadable-plugin/MenuInfoRegistryImpl/DefaultRuntimePlugin of DefaultRuntimePlugin [roughlyenoughitems]/"
[20:29:35] [main/TRACE] [REI] [REIServerPlugin START] Reloading Section: "reloadable-plugin/MenuInfoRegistryImpl/DefaultRuntimePlugin of DefaultRuntimePlugin [roughlyenoughitems]/" done in 21.79 μs
[20:29:35] [main/TRACE] [REI] [REIServerPlugin START] Reloading Section: "reloadable-plugin/MenuInfoRegistryImpl/" done in 3.433 ms
[20:29:35] [main/TRACE] [REI] [REIServerPlugin START] Reloading Section: "reloadable-plugin/SlotAccessorRegistryImpl/"
[20:29:35] [main/TRACE] [REI] [REIServerPlugin START] Reloading Section: "reloadable-plugin/SlotAccessorRegistryImpl/DefaultPlugin of DefaultPlugin [roughlyenoughitems]/"
[20:29:35] [main/TRACE] [REI] [REIServerPlugin START] Reloading Section: "reloadable-plugin/SlotAccessorRegistryImpl/DefaultPlugin of DefaultPlugin [roughlyenoughitems]/" done in 17.42 μs
[20:29:35] [main/TRACE] [REI] [REIServerPlugin START] Reloading Section: "reloadable-plugin/SlotAccessorRegistryImpl/FabricFluidAPISupportPlugin/"
[20:29:35] [main/TRACE] [REI] [REIServerPlugin START] Reloading Section: "reloadable-plugin/SlotAccessorRegistryImpl/FabricFluidAPISupportPlugin/" done in 16.06 μs
[20:29:35] [main/TRACE] [REI] [REIServerPlugin START] Reloading Section: "reloadable-plugin/SlotAccessorRegistryImpl/ReiCompat of ReiCompat [travelersbackpack]/"
[20:29:35] [main/TRACE] [REI] [REIServerPlugin START] Reloading Section: "reloadable-plugin/SlotAccessorRegistryImpl/ReiCompat of ReiCompat [travelersbackpack]/" done in 16.70 μs
[20:29:35] [main/TRACE] [REI] [REIServerPlugin START] Reloading Section: "reloadable-plugin/SlotAccessorRegistryImpl/DefaultRuntimePlugin of DefaultRuntimePlugin [roughlyenoughitems]/"
[20:29:35] [main/TRACE] [REI] [REIServerPlugin START] Reloading Section: "reloadable-plugin/SlotAccessorRegistryImpl/DefaultRuntimePlugin of DefaultRuntimePlugin [roughlyenoughitems]/" done in 13.44 μs
[20:29:35] [main/TRACE] [REI] [REIServerPlugin START] Reloading Section: "reloadable-plugin/SlotAccessorRegistryImpl/" done in 2.181 ms
[20:29:35] [main/DEBUG] [REI] ========================================
[20:29:35] [main/DEBUG] [REI] REIServerPlugin ending main-reload for START.
[20:29:35] [main/DEBUG] [REI] ========================================
[20:29:35] [main/TRACE] [REI] [REIServerPlugin START] Reloading Section: "end-reload/"
[20:29:35] [main/TRACE] [REI] [REIServerPlugin START] Reloading Section: "end-reload/MenuInfoRegistryImpl/"
[20:29:35] [main/TRACE] [REI] [REIServerPlugin START] Reloading Section: "end-reload/MenuInfoRegistryImpl/" done in 8.937 μs
[20:29:35] [main/TRACE] [REI] [REIServerPlugin START] Reloading Section: "end-reload/SlotAccessorRegistryImpl/"
[20:29:35] [main/TRACE] [REI] [REIServerPlugin START] Reloading Section: "end-reload/SlotAccessorRegistryImpl/" done in 7.804 μs
[20:29:35] [main/TRACE] [REI] [REIServerPlugin START] Reloading Section: "end-reload/" done in 896.7 μs
[20:29:35] [main/DEBUG] [REI] ========================================
[20:29:35] [main/DEBUG] [REI] REIServerPlugin ended main-reload for START in 23.86 ms.
[20:29:35] [main/DEBUG] [REI] ========================================
[20:29:35] [main/DEBUG] [REI] ========================================
[20:29:35] [main/DEBUG] [REI] REIPlugin starting post-reload for START.
[20:29:35] [main/DEBUG] [REI] Reloadables (7):
[20:29:35] [main/DEBUG] [REI]  - EntryTypeRegistryImpl
[20:29:35] [main/DEBUG] [REI]  - EntrySettingsAdapterRegistryImpl
[20:29:35] [main/DEBUG] [REI]  - RecipeManagerContextImpl
[20:29:35] [main/DEBUG] [REI]  - ItemComparatorRegistryImpl
[20:29:35] [main/DEBUG] [REI]  - FluidComparatorRegistryImpl
[20:29:35] [main/DEBUG] [REI]  - DisplaySerializerRegistryImpl
[20:29:35] [main/DEBUG] [REI]  - FluidSupportProviderImpl
[20:29:35] [main/DEBUG] [REI] Plugins (4):
[20:29:35] [main/DEBUG] [REI]  - (-100.00) DefaultPlugin of DefaultPlugin [roughlyenoughitems]
[20:29:35] [main/DEBUG] [REI]  - (0.00) FabricFluidAPISupportPlugin
[20:29:35] [main/DEBUG] [REI]  - (0.00) ReiCompat of ReiCompat [travelersbackpack]
[20:29:35] [main/DEBUG] [REI]  - (0.00) DefaultRuntimePlugin of DefaultRuntimePlugin [roughlyenoughitems]
[20:29:35] [main/DEBUG] [REI] ========================================
[20:29:35] [main/TRACE] [REI] [REIPlugin START] Reloading Section: "post-register/"
[20:29:35] [main/TRACE] [REI] [REIPlugin START] Reloading Section: "post-register/DefaultPlugin of DefaultPlugin [roughlyenoughitems]/"
[20:29:35] [main/TRACE] [REI] [REIPlugin START] Reloading Section: "post-register/DefaultPlugin of DefaultPlugin [roughlyenoughitems]/" done in 252.9 μs
[20:29:35] [main/TRACE] [REI] [REIPlugin START] Reloading Section: "post-register/FabricFluidAPISupportPlugin/"
[20:29:35] [main/TRACE] [REI] [REIPlugin START] Reloading Section: "post-register/FabricFluidAPISupportPlugin/" done in 13.51 μs
[20:29:35] [main/TRACE] [REI] [REIPlugin START] Reloading Section: "post-register/ReiCompat of ReiCompat [travelersbackpack]/"
[20:29:35] [main/TRACE] [REI] [REIPlugin START] Reloading Section: "post-register/ReiCompat of ReiCompat [travelersbackpack]/" done in 12.48 μs
[20:29:35] [main/TRACE] [REI] [REIPlugin START] Reloading Section: "post-register/DefaultRuntimePlugin of DefaultRuntimePlugin [roughlyenoughitems]/"
[20:29:35] [main/TRACE] [REI] [REIPlugin START] Reloading Section: "post-register/DefaultRuntimePlugin of DefaultRuntimePlugin [roughlyenoughitems]/" done in 12.94 μs
[20:29:35] [main/TRACE] [REI] [REIPlugin START] Reloading Section: "post-register/" done in 4.102 ms
[20:29:35] [main/TRACE] [REI] [REIPlugin START] Reloading Section: "post-stage/"
[20:29:35] [main/TRACE] [REI] [REIPlugin START] Reloading Section: "post-stage/EntryTypeRegistryImpl/"
[20:29:35] [main/TRACE] [REI] [REIPlugin START] Reloading Section: "post-stage/EntryTypeRegistryImpl/" done in 15.14 μs
[20:29:35] [main/TRACE] [REI] [REIPlugin START] Reloading Section: "post-stage/EntrySettingsAdapterRegistryImpl/"
[20:29:35] [main/TRACE] [REI] [REIPlugin START] Reloading Section: "post-stage/EntrySettingsAdapterRegistryImpl/" done in 8.435 μs
[20:29:35] [main/TRACE] [REI] [REIPlugin START] Reloading Section: "post-stage/RecipeManagerContextImpl/"
[20:29:35] [main/TRACE] [REI] [REIPlugin START] Reloading Section: "post-stage/RecipeManagerContextImpl/" done in 7.884 μs
[20:29:35] [main/TRACE] [REI] [REIPlugin START] Reloading Section: "post-stage/ItemComparatorRegistryImpl/"
[20:29:35] [main/TRACE] [REI] [REIPlugin START] Reloading Section: "post-stage/ItemComparatorRegistryImpl/" done in 7.424 μs
[20:29:35] [main/TRACE] [REI] [REIPlugin START] Reloading Section: "post-stage/FluidComparatorRegistryImpl/"
[20:29:35] [main/TRACE] [REI] [REIPlugin START] Reloading Section: "post-stage/FluidComparatorRegistryImpl/" done in 6.923 μs
[20:29:35] [main/TRACE] [REI] [REIPlugin START] Reloading Section: "post-stage/DisplaySerializerRegistryImpl/"
[20:29:35] [main/TRACE] [REI] [REIPlugin START] Reloading Section: "post-stage/DisplaySerializerRegistryImpl/" done in 6.993 μs
[20:29:35] [main/TRACE] [REI] [REIPlugin START] Reloading Section: "post-stage/FluidSupportProviderImpl/"
[20:29:35] [main/TRACE] [REI] [REIPlugin START] Reloading Section: "post-stage/FluidSupportProviderImpl/" done in 7.605 μs
[20:29:35] [main/TRACE] [REI] [REIPlugin START] Reloading Section: "post-stage/" done in 3.519 ms
[20:29:35] [main/DEBUG] [REI] ========================================
[20:29:35] [main/INFO] [REI] REIPlugin finished post-reload for START in 8.526 ms, totaling 165.1 ms.
[20:29:35] [main/DEBUG] [REI] ========================================
[20:29:35] [main/DEBUG] [REI] ========================================
[20:29:35] [main/DEBUG] [REI] REIServerPlugin starting post-reload for START.
[20:29:35] [main/DEBUG] [REI] Reloadables (2):
[20:29:35] [main/DEBUG] [REI]  - MenuInfoRegistryImpl
[20:29:35] [main/DEBUG] [REI]  - SlotAccessorRegistryImpl
[20:29:35] [main/DEBUG] [REI] Plugins (4):
[20:29:35] [main/DEBUG] [REI]  - (-100.00) DefaultPlugin of DefaultPlugin [roughlyenoughitems]
[20:29:35] [main/DEBUG] [REI]  - (0.00) FabricFluidAPISupportPlugin
[20:29:35] [main/DEBUG] [REI]  - (0.00) ReiCompat of ReiCompat [travelersbackpack]
[20:29:35] [main/DEBUG] [REI]  - (0.00) DefaultRuntimePlugin of DefaultRuntimePlugin [roughlyenoughitems]
[20:29:35] [main/DEBUG] [REI] ========================================
[20:29:35] [main/TRACE] [REI] [REIServerPlugin START] Reloading Section: "post-register/"
[20:29:35] [main/TRACE] [REI] [REIServerPlugin START] Reloading Section: "post-register/DefaultPlugin of DefaultPlugin [roughlyenoughitems]/"
[20:29:35] [main/TRACE] [REI] [REIServerPlugin START] Reloading Section: "post-register/DefaultPlugin of DefaultPlugin [roughlyenoughitems]/" done in 20.78 μs
[20:29:35] [main/TRACE] [REI] [REIServerPlugin START] Reloading Section: "post-register/FabricFluidAPISupportPlugin/"
[20:29:35] [main/TRACE] [REI] [REIServerPlugin START] Reloading Section: "post-register/FabricFluidAPISupportPlugin/" done in 16.67 μs
[20:29:35] [main/TRACE] [REI] [REIServerPlugin START] Reloading Section: "post-register/ReiCompat of ReiCompat [travelersbackpack]/"
[20:29:35] [main/TRACE] [REI] [REIServerPlugin START] Reloading Section: "post-register/ReiCompat of ReiCompat [travelersbackpack]/" done in 14.46 μs
[20:29:35] [main/TRACE] [REI] [REIServerPlugin START] Reloading Section: "post-register/DefaultRuntimePlugin of DefaultRuntimePlugin [roughlyenoughitems]/"
[20:29:35] [main/TRACE] [REI] [REIServerPlugin START] Reloading Section: "post-register/DefaultRuntimePlugin of DefaultRuntimePlugin [roughlyenoughitems]/" done in 13.33 μs
[20:29:35] [main/TRACE] [REI] [REIServerPlugin START] Reloading Section: "post-register/" done in 2.206 ms
[20:29:35] [main/TRACE] [REI] [REIServerPlugin START] Reloading Section: "post-stage/"
[20:29:35] [main/TRACE] [REI] [REIServerPlugin START] Reloading Section: "post-stage/MenuInfoRegistryImpl/"
[20:29:35] [main/TRACE] [REI] [REIServerPlugin START] Reloading Section: "post-stage/MenuInfoRegistryImpl/" done in 411.3 μs
[20:29:35] [main/TRACE] [REI] [REIServerPlugin START] Reloading Section: "post-stage/SlotAccessorRegistryImpl/"
[20:29:35] [main/TRACE] [REI] [REIServerPlugin START] Reloading Section: "post-stage/SlotAccessorRegistryImpl/" done in 231.3 μs
[20:29:35] [main/TRACE] [REI] [REIServerPlugin START] Reloading Section: "post-stage/" done in 996.4 μs
[20:29:35] [main/DEBUG] [REI] ========================================
[20:29:35] [main/INFO] [REI] REIServerPlugin finished post-reload for START in 3.977 ms, totaling 42.82 ms.
[20:29:35] [main/DEBUG] [REI] ========================================
[20:29:35] [main/DEBUG] [REI] ========================================
[20:29:35] [main/DEBUG] [REI] REIPlugin starting pre-reload for END.
[20:29:35] [main/DEBUG] [REI] Reloadables (7):
[20:29:35] [main/DEBUG] [REI]  - EntryTypeRegistryImpl
[20:29:35] [main/DEBUG] [REI]  - EntrySettingsAdapterRegistryImpl
[20:29:35] [main/DEBUG] [REI]  - RecipeManagerContextImpl
[20:29:35] [main/DEBUG] [REI]  - ItemComparatorRegistryImpl
[20:29:35] [main/DEBUG] [REI]  - FluidComparatorRegistryImpl
[20:29:35] [main/DEBUG] [REI]  - DisplaySerializerRegistryImpl
[20:29:35] [main/DEBUG] [REI]  - FluidSupportProviderImpl
[20:29:35] [main/DEBUG] [REI] Plugins (4):
[20:29:35] [main/DEBUG] [REI]  - (-100.00) DefaultPlugin of DefaultPlugin [roughlyenoughitems]
[20:29:35] [main/DEBUG] [REI]  - (0.00) FabricFluidAPISupportPlugin
[20:29:35] [main/DEBUG] [REI]  - (0.00) ReiCompat of ReiCompat [travelersbackpack]
[20:29:35] [main/DEBUG] [REI]  - (0.00) DefaultRuntimePlugin of DefaultRuntimePlugin [roughlyenoughitems]
[20:29:35] [main/DEBUG] [REI] ========================================
[20:29:35] [main/TRACE] [REI] [REIPlugin END] Reloading Section: "pre-register/"
[20:29:35] [main/TRACE] [REI] [REIPlugin END] Reloading Section: "pre-register/DefaultPlugin of DefaultPlugin [roughlyenoughitems]/"
[20:29:35] [main/TRACE] [REI] [REIPlugin END] Reloading Section: "pre-register/DefaultPlugin of DefaultPlugin [roughlyenoughitems]/" done in 17.76 μs
[20:29:35] [main/TRACE] [REI] [REIPlugin END] Reloading Section: "pre-register/FabricFluidAPISupportPlugin/"
[20:29:35] [main/TRACE] [REI] [REIPlugin END] Reloading Section: "pre-register/FabricFluidAPISupportPlugin/" done in 14.33 μs
[20:29:35] [main/TRACE] [REI] [REIPlugin END] Reloading Section: "pre-register/ReiCompat of ReiCompat [travelersbackpack]/"
[20:29:35] [main/TRACE] [REI] [REIPlugin END] Reloading Section: "pre-register/ReiCompat of ReiCompat [travelersbackpack]/" done in 10.40 μs
[20:29:35] [main/TRACE] [REI] [REIPlugin END] Reloading Section: "pre-register/DefaultRuntimePlugin of DefaultRuntimePlugin [roughlyenoughitems]/"
[20:29:35] [main/TRACE] [REI] [REIPlugin END] Reloading Section: "pre-register/DefaultRuntimePlugin of DefaultRuntimePlugin [roughlyenoughitems]/" done in 10.36 μs
[20:29:35] [main/TRACE] [REI] [REIPlugin END] Reloading Section: "pre-register/" done in 1.952 ms
[20:29:35] [main/TRACE] [REI] [REIPlugin END] Reloading Section: "pre-stage/"
[20:29:35] [main/TRACE] [REI] [REIPlugin END] Reloading Section: "pre-stage/EntryTypeRegistryImpl/"
[20:29:35] [main/TRACE] [REI] [REIPlugin END] Reloading Section: "pre-stage/EntryTypeRegistryImpl/" done in 9.578 μs
[20:29:35] [main/TRACE] [REI] [REIPlugin END] Reloading Section: "pre-stage/EntrySettingsAdapterRegistryImpl/"
[20:29:35] [main/TRACE] [REI] [REIPlugin END] Reloading Section: "pre-stage/EntrySettingsAdapterRegistryImpl/" done in 8.626 μs
[20:29:35] [main/TRACE] [REI] [REIPlugin END] Reloading Section: "pre-stage/RecipeManagerContextImpl/"
[20:29:35] [main/TRACE] [REI] [REIPlugin END] Reloading Section: "pre-stage/RecipeManagerContextImpl/" done in 16.47 μs
[20:29:35] [main/TRACE] [REI] [REIPlugin END] Reloading Section: "pre-stage/ItemComparatorRegistryImpl/"
[20:29:35] [main/TRACE] [REI] [REIPlugin END] Reloading Section: "pre-stage/ItemComparatorRegistryImpl/" done in 11.64 μs
[20:29:35] [main/TRACE] [REI] [REIPlugin END] Reloading Section: "pre-stage/FluidComparatorRegistryImpl/"
[20:29:35] [main/TRACE] [REI] [REIPlugin END] Reloading Section: "pre-stage/FluidComparatorRegistryImpl/" done in 9.017 μs
[20:29:35] [main/TRACE] [REI] [REIPlugin END] Reloading Section: "pre-stage/DisplaySerializerRegistryImpl/"
[20:29:35] [main/TRACE] [REI] [REIPlugin END] Reloading Section: "pre-stage/DisplaySerializerRegistryImpl/" done in 8.045 μs
[20:29:35] [main/TRACE] [REI] [REIPlugin END] Reloading Section: "pre-stage/FluidSupportProviderImpl/"
[20:29:35] [main/TRACE] [REI] [REIPlugin END] Reloading Section: "pre-stage/FluidSupportProviderImpl/" done in 9.377 μs
[20:29:35] [main/TRACE] [REI] [REIPlugin END] Reloading Section: "pre-stage/" done in 7.458 ms
[20:29:35] [main/DEBUG] [REI] ========================================
[20:29:35] [main/DEBUG] [REI] REIPlugin finished pre-reload for END in 11.21 ms.
[20:29:35] [main/DEBUG] [REI] ========================================
[20:29:35] [main/DEBUG] [REI] ========================================
[20:29:35] [main/DEBUG] [REI] REIServerPlugin starting pre-reload for END.
[20:29:35] [main/DEBUG] [REI] Reloadables (2):
[20:29:35] [main/DEBUG] [REI]  - MenuInfoRegistryImpl
[20:29:35] [main/DEBUG] [REI]  - SlotAccessorRegistryImpl
[20:29:35] [main/DEBUG] [REI] Plugins (4):
[20:29:35] [main/DEBUG] [REI]  - (-100.00) DefaultPlugin of DefaultPlugin [roughlyenoughitems]
[20:29:35] [main/DEBUG] [REI]  - (0.00) FabricFluidAPISupportPlugin
[20:29:35] [main/DEBUG] [REI]  - (0.00) ReiCompat of ReiCompat [travelersbackpack]
[20:29:35] [main/DEBUG] [REI]  - (0.00) DefaultRuntimePlugin of DefaultRuntimePlugin [roughlyenoughitems]
[20:29:35] [main/DEBUG] [REI] ========================================
[20:29:35] [main/TRACE] [REI] [REIServerPlugin END] Reloading Section: "pre-register/"
[20:29:35] [main/TRACE] [REI] [REIServerPlugin END] Reloading Section: "pre-register/DefaultPlugin of DefaultPlugin [roughlyenoughitems]/"
[20:29:35] [main/TRACE] [REI] [REIServerPlugin END] Reloading Section: "pre-register/DefaultPlugin of DefaultPlugin [roughlyenoughitems]/" done in 19.11 μs
[20:29:35] [main/TRACE] [REI] [REIServerPlugin END] Reloading Section: "pre-register/FabricFluidAPISupportPlugin/"
[20:29:35] [main/TRACE] [REI] [REIServerPlugin END] Reloading Section: "pre-register/FabricFluidAPISupportPlugin/" done in 17.54 μs
[20:29:35] [main/TRACE] [REI] [REIServerPlugin END] Reloading Section: "pre-register/ReiCompat of ReiCompat [travelersbackpack]/"
[20:29:35] [main/TRACE] [REI] [REIServerPlugin END] Reloading Section: "pre-register/ReiCompat of ReiCompat [travelersbackpack]/" done in 15.88 μs
[20:29:35] [main/TRACE] [REI] [REIServerPlugin END] Reloading Section: "pre-register/DefaultRuntimePlugin of DefaultRuntimePlugin [roughlyenoughitems]/"
[20:29:35] [main/TRACE] [REI] [REIServerPlugin END] Reloading Section: "pre-register/DefaultRuntimePlugin of DefaultRuntimePlugin [roughlyenoughitems]/" done in 12.88 μs
[20:29:35] [main/TRACE] [REI] [REIServerPlugin END] Reloading Section: "pre-register/" done in 1.417 ms
[20:29:35] [main/TRACE] [REI] [REIServerPlugin END] Reloading Section: "pre-stage/"
[20:29:35] [main/TRACE] [REI] [REIServerPlugin END] Reloading Section: "pre-stage/MenuInfoRegistryImpl/"
[20:29:35] [main/TRACE] [REI] [REIServerPlugin END] Reloading Section: "pre-stage/MenuInfoRegistryImpl/" done in 12.73 μs
[20:29:35] [main/TRACE] [REI] [REIServerPlugin END] Reloading Section: "pre-stage/SlotAccessorRegistryImpl/"
[20:29:35] [main/TRACE] [REI] [REIServerPlugin END] Reloading Section: "pre-stage/SlotAccessorRegistryImpl/" done in 9.778 μs
[20:29:35] [main/TRACE] [REI] [REIServerPlugin END] Reloading Section: "pre-stage/" done in 1.056 ms
[20:29:35] [main/DEBUG] [REI] ========================================
[20:29:35] [main/DEBUG] [REI] REIServerPlugin finished pre-reload for END in 3.129 ms.
[20:29:35] [main/DEBUG] [REI] ========================================
[20:29:35] [main/INFO] [REI] @@@@@@@@@@@@@@@@@@@@@@@@@@@@@@@@@@@@@@@@
[20:29:35] [main/INFO] [REI] REIPlugin starting main-reload for END.
[20:29:35] [main/DEBUG] [REI] Reloadables (7):
[20:29:35] [main/DEBUG] [REI]  - EntryTypeRegistryImpl
[20:29:35] [main/DEBUG] [REI]  - EntrySettingsAdapterRegistryImpl
[20:29:35] [main/DEBUG] [REI]  - RecipeManagerContextImpl
[20:29:35] [main/DEBUG] [REI]  - ItemComparatorRegistryImpl
[20:29:35] [main/DEBUG] [REI]  - FluidComparatorRegistryImpl
[20:29:35] [main/DEBUG] [REI]  - DisplaySerializerRegistryImpl
[20:29:35] [main/DEBUG] [REI]  - FluidSupportProviderImpl
[20:29:35] [main/INFO] [REI] Plugins (4):
[20:29:35] [main/INFO] [REI]  - (-100.00) DefaultPlugin of DefaultPlugin [roughlyenoughitems]
[20:29:35] [main/INFO] [REI]  - (0.00) FabricFluidAPISupportPlugin
[20:29:35] [main/INFO] [REI]  - (0.00) ReiCompat of ReiCompat [travelersbackpack]
[20:29:35] [main/INFO] [REI]  - (0.00) DefaultRuntimePlugin of DefaultRuntimePlugin [roughlyenoughitems]
[20:29:35] [main/INFO] [REI] @@@@@@@@@@@@@@@@@@@@@@@@@@@@@@@@@@@@@@@@
[20:29:35] [main/TRACE] [REI] [REIPlugin END] Reloading Section: "start-reload/"
[20:29:35] [main/TRACE] [REI] [REIPlugin END] Reloading Section: "start-reload/EntryTypeRegistryImpl/"
[20:29:35] [main/TRACE] [REI] [REIPlugin END] Reloading Section: "start-reload/EntryTypeRegistryImpl/" done in 16.03 μs
[20:29:35] [main/TRACE] [REI] [REIPlugin END] Reloading Section: "start-reload/EntrySettingsAdapterRegistryImpl/"
[20:29:35] [main/TRACE] [REI] [REIPlugin END] Reloading Section: "start-reload/EntrySettingsAdapterRegistryImpl/" done in 26.62 μs
[20:29:35] [main/TRACE] [REI] [REIPlugin END] Reloading Section: "start-reload/RecipeManagerContextImpl/"
[20:29:35] [main/TRACE] [REI] [REIPlugin END] Reloading Section: "start-reload/RecipeManagerContextImpl/" done in 15.48 μs
[20:29:35] [main/TRACE] [REI] [REIPlugin END] Reloading Section: "start-reload/ItemComparatorRegistryImpl/"
[20:29:35] [main/TRACE] [REI] [REIPlugin END] Reloading Section: "start-reload/ItemComparatorRegistryImpl/" done in 9.779 μs
[20:29:35] [main/TRACE] [REI] [REIPlugin END] Reloading Section: "start-reload/FluidComparatorRegistryImpl/"
[20:29:35] [main/TRACE] [REI] [REIPlugin END] Reloading Section: "start-reload/FluidComparatorRegistryImpl/" done in 15.52 μs
[20:29:35] [main/TRACE] [REI] [REIPlugin END] Reloading Section: "start-reload/DisplaySerializerRegistryImpl/"
[20:29:35] [main/TRACE] [REI] [REIPlugin END] Reloading Section: "start-reload/DisplaySerializerRegistryImpl/" done in 19.70 μs
[20:29:35] [main/TRACE] [REI] [REIPlugin END] Reloading Section: "start-reload/FluidSupportProviderImpl/"
[20:29:35] [main/TRACE] [REI] [REIPlugin END] Reloading Section: "start-reload/FluidSupportProviderImpl/" done in 7.544 μs
[20:29:35] [main/TRACE] [REI] [REIPlugin END] Reloading Section: "start-reload/" done in 2.466 ms
[20:29:35] [main/DEBUG] [REI] ========================================
[20:29:35] [main/DEBUG] [REI] REIPlugin started main-reload for END.
[20:29:35] [main/DEBUG] [REI] ========================================
[20:29:35] [main/TRACE] [REI] [REIPlugin END] Reloading Section: "reloadable-plugin/EntryTypeRegistryImpl/"
[20:29:35] [main/TRACE] [REI] [REIPlugin END] Reloading Section: "reloadable-plugin/EntryTypeRegistryImpl/DefaultPlugin of DefaultPlugin [roughlyenoughitems]/"
[20:29:35] [main/TRACE] [REI] [REIPlugin END] Reloading Section: "reloadable-plugin/EntryTypeRegistryImpl/DefaultPlugin of DefaultPlugin [roughlyenoughitems]/" done in 18.48 μs
[20:29:35] [main/TRACE] [REI] [REIPlugin END] Reloading Section: "reloadable-plugin/EntryTypeRegistryImpl/FabricFluidAPISupportPlugin/"
[20:29:35] [main/TRACE] [REI] [REIPlugin END] Reloading Section: "reloadable-plugin/EntryTypeRegistryImpl/FabricFluidAPISupportPlugin/" done in 19.72 μs
[20:29:35] [main/TRACE] [REI] [REIPlugin END] Reloading Section: "reloadable-plugin/EntryTypeRegistryImpl/ReiCompat of ReiCompat [travelersbackpack]/"
[20:29:35] [main/TRACE] [REI] [REIPlugin END] Reloading Section: "reloadable-plugin/EntryTypeRegistryImpl/ReiCompat of ReiCompat [travelersbackpack]/" done in 20.30 μs
[20:29:35] [main/TRACE] [REI] [REIPlugin END] Reloading Section: "reloadable-plugin/EntryTypeRegistryImpl/DefaultRuntimePlugin of DefaultRuntimePlugin [roughlyenoughitems]/"
[20:29:35] [main/TRACE] [REI] [REIPlugin END] Reloading Section: "reloadable-plugin/EntryTypeRegistryImpl/DefaultRuntimePlugin of DefaultRuntimePlugin [roughlyenoughitems]/" done in 17.25 μs
[20:29:35] [main/TRACE] [REI] [REIPlugin END] Reloading Section: "reloadable-plugin/EntryTypeRegistryImpl/" done in 2.715 ms
[20:29:35] [main/TRACE] [REI] [REIPlugin END] Reloading Section: "reloadable-plugin/EntrySettingsAdapterRegistryImpl/"
[20:29:35] [main/TRACE] [REI] [REIPlugin END] Reloading Section: "reloadable-plugin/EntrySettingsAdapterRegistryImpl/DefaultPlugin of DefaultPlugin [roughlyenoughitems]/"
[20:29:35] [main/TRACE] [REI] [REIPlugin END] Reloading Section: "reloadable-plugin/EntrySettingsAdapterRegistryImpl/DefaultPlugin of DefaultPlugin [roughlyenoughitems]/" done in 26.58 μs
[20:29:35] [main/TRACE] [REI] [REIPlugin END] Reloading Section: "reloadable-plugin/EntrySettingsAdapterRegistryImpl/FabricFluidAPISupportPlugin/"
[20:29:35] [main/TRACE] [REI] [REIPlugin END] Reloading Section: "reloadable-plugin/EntrySettingsAdapterRegistryImpl/FabricFluidAPISupportPlugin/" done in 17.13 μs
[20:29:35] [main/TRACE] [REI] [REIPlugin END] Reloading Section: "reloadable-plugin/EntrySettingsAdapterRegistryImpl/ReiCompat of ReiCompat [travelersbackpack]/"
[20:29:35] [main/TRACE] [REI] [REIPlugin END] Reloading Section: "reloadable-plugin/EntrySettingsAdapterRegistryImpl/ReiCompat of ReiCompat [travelersbackpack]/" done in 51.56 μs
[20:29:35] [main/TRACE] [REI] [REIPlugin END] Reloading Section: "reloadable-plugin/EntrySettingsAdapterRegistryImpl/DefaultRuntimePlugin of DefaultRuntimePlugin [roughlyenoughitems]/"
[20:29:35] [main/TRACE] [REI] [REIPlugin END] Reloading Section: "reloadable-plugin/EntrySettingsAdapterRegistryImpl/DefaultRuntimePlugin of DefaultRuntimePlugin [roughlyenoughitems]/" done in 22.47 μs
[20:29:35] [main/TRACE] [REI] [REIPlugin END] Reloading Section: "reloadable-plugin/EntrySettingsAdapterRegistryImpl/" done in 2.084 ms
[20:29:35] [main/TRACE] [REI] [REIPlugin END] Reloading Section: "reloadable-plugin/RecipeManagerContextImpl/"
[20:29:35] [main/TRACE] [REI] [REIPlugin END] Reloading Section: "reloadable-plugin/RecipeManagerContextImpl/DefaultPlugin of DefaultPlugin [roughlyenoughitems]/"
[20:29:35] [main/TRACE] [REI] [REIPlugin END] Reloading Section: "reloadable-plugin/RecipeManagerContextImpl/DefaultPlugin of DefaultPlugin [roughlyenoughitems]/" done in 17.16 μs
[20:29:35] [main/TRACE] [REI] [REIPlugin END] Reloading Section: "reloadable-plugin/RecipeManagerContextImpl/FabricFluidAPISupportPlugin/"
[20:29:35] [main/TRACE] [REI] [REIPlugin END] Reloading Section: "reloadable-plugin/RecipeManagerContextImpl/FabricFluidAPISupportPlugin/" done in 33.25 μs
[20:29:35] [main/TRACE] [REI] [REIPlugin END] Reloading Section: "reloadable-plugin/RecipeManagerContextImpl/ReiCompat of ReiCompat [travelersbackpack]/"
[20:29:35] [main/TRACE] [REI] [REIPlugin END] Reloading Section: "reloadable-plugin/RecipeManagerContextImpl/ReiCompat of ReiCompat [travelersbackpack]/" done in 15.32 μs
[20:29:35] [main/TRACE] [REI] [REIPlugin END] Reloading Section: "reloadable-plugin/RecipeManagerContextImpl/DefaultRuntimePlugin of DefaultRuntimePlugin [roughlyenoughitems]/"
[20:29:35] [main/TRACE] [REI] [REIPlugin END] Reloading Section: "reloadable-plugin/RecipeManagerContextImpl/DefaultRuntimePlugin of DefaultRuntimePlugin [roughlyenoughitems]/" done in 14.92 μs
[20:29:35] [main/TRACE] [REI] [REIPlugin END] Reloading Section: "reloadable-plugin/RecipeManagerContextImpl/" done in 2.074 ms
[20:29:35] [main/TRACE] [REI] [REIPlugin END] Reloading Section: "reloadable-plugin/ItemComparatorRegistryImpl/"
[20:29:35] [main/TRACE] [REI] [REIPlugin END] Reloading Section: "reloadable-plugin/ItemComparatorRegistryImpl/DefaultPlugin of DefaultPlugin [roughlyenoughitems]/"
[20:29:35] [main/TRACE] [REI] [REIPlugin END] Reloading Section: "reloadable-plugin/ItemComparatorRegistryImpl/DefaultPlugin of DefaultPlugin [roughlyenoughitems]/" done in 15.72 μs
[20:29:35] [main/TRACE] [REI] [REIPlugin END] Reloading Section: "reloadable-plugin/ItemComparatorRegistryImpl/FabricFluidAPISupportPlugin/"
[20:29:35] [main/TRACE] [REI] [REIPlugin END] Reloading Section: "reloadable-plugin/ItemComparatorRegistryImpl/FabricFluidAPISupportPlugin/" done in 14.72 μs
[20:29:35] [main/TRACE] [REI] [REIPlugin END] Reloading Section: "reloadable-plugin/ItemComparatorRegistryImpl/ReiCompat of ReiCompat [travelersbackpack]/"
[20:29:35] [main/TRACE] [REI] [REIPlugin END] Reloading Section: "reloadable-plugin/ItemComparatorRegistryImpl/ReiCompat of ReiCompat [travelersbackpack]/" done in 14.62 μs
[20:29:35] [main/TRACE] [REI] [REIPlugin END] Reloading Section: "reloadable-plugin/ItemComparatorRegistryImpl/DefaultRuntimePlugin of DefaultRuntimePlugin [roughlyenoughitems]/"
[20:29:35] [main/TRACE] [REI] [REIPlugin END] Reloading Section: "reloadable-plugin/ItemComparatorRegistryImpl/DefaultRuntimePlugin of DefaultRuntimePlugin [roughlyenoughitems]/" done in 13.75 μs
[20:29:35] [main/TRACE] [REI] [REIPlugin END] Reloading Section: "reloadable-plugin/ItemComparatorRegistryImpl/" done in 2.320 ms
[20:29:35] [main/TRACE] [REI] [REIPlugin END] Reloading Section: "reloadable-plugin/FluidComparatorRegistryImpl/"
[20:29:35] [main/TRACE] [REI] [REIPlugin END] Reloading Section: "reloadable-plugin/FluidComparatorRegistryImpl/DefaultPlugin of DefaultPlugin [roughlyenoughitems]/"
[20:29:35] [main/TRACE] [REI] [REIPlugin END] Reloading Section: "reloadable-plugin/FluidComparatorRegistryImpl/DefaultPlugin of DefaultPlugin [roughlyenoughitems]/" done in 13.59 μs
[20:29:35] [main/TRACE] [REI] [REIPlugin END] Reloading Section: "reloadable-plugin/FluidComparatorRegistryImpl/FabricFluidAPISupportPlugin/"
[20:29:35] [main/TRACE] [REI] [REIPlugin END] Reloading Section: "reloadable-plugin/FluidComparatorRegistryImpl/FabricFluidAPISupportPlugin/" done in 13.40 μs
[20:29:35] [main/TRACE] [REI] [REIPlugin END] Reloading Section: "reloadable-plugin/FluidComparatorRegistryImpl/ReiCompat of ReiCompat [travelersbackpack]/"
[20:29:35] [main/TRACE] [REI] [REIPlugin END] Reloading Section: "reloadable-plugin/FluidComparatorRegistryImpl/ReiCompat of ReiCompat [travelersbackpack]/" done in 13.65 μs
[20:29:35] [main/TRACE] [REI] [REIPlugin END] Reloading Section: "reloadable-plugin/FluidComparatorRegistryImpl/DefaultRuntimePlugin of DefaultRuntimePlugin [roughlyenoughitems]/"
[20:29:35] [main/TRACE] [REI] [REIPlugin END] Reloading Section: "reloadable-plugin/FluidComparatorRegistryImpl/DefaultRuntimePlugin of DefaultRuntimePlugin [roughlyenoughitems]/" done in 13.60 μs
[20:29:35] [main/TRACE] [REI] [REIPlugin END] Reloading Section: "reloadable-plugin/FluidComparatorRegistryImpl/" done in 1.238 ms
[20:29:35] [main/TRACE] [REI] [REIPlugin END] Reloading Section: "reloadable-plugin/DisplaySerializerRegistryImpl/"
[20:29:35] [main/TRACE] [REI] [REIPlugin END] Reloading Section: "reloadable-plugin/DisplaySerializerRegistryImpl/DefaultPlugin of DefaultPlugin [roughlyenoughitems]/"
[20:29:35] [main/TRACE] [REI] [REIPlugin END] Reloading Section: "reloadable-plugin/DisplaySerializerRegistryImpl/DefaultPlugin of DefaultPlugin [roughlyenoughitems]/" done in 23.76 ms
[20:29:35] [main/TRACE] [REI] [REIPlugin END] Reloading Section: "reloadable-plugin/DisplaySerializerRegistryImpl/FabricFluidAPISupportPlugin/"
[20:29:35] [main/TRACE] [REI] [REIPlugin END] Reloading Section: "reloadable-plugin/DisplaySerializerRegistryImpl/FabricFluidAPISupportPlugin/" done in 34.69 μs
[20:29:35] [main/TRACE] [REI] [REIPlugin END] Reloading Section: "reloadable-plugin/DisplaySerializerRegistryImpl/ReiCompat of ReiCompat [travelersbackpack]/"
[20:29:35] [main/TRACE] [REI] [REIPlugin END] Reloading Section: "reloadable-plugin/DisplaySerializerRegistryImpl/ReiCompat of ReiCompat [travelersbackpack]/" done in 28.86 μs
[20:29:35] [main/TRACE] [REI] [REIPlugin END] Reloading Section: "reloadable-plugin/DisplaySerializerRegistryImpl/DefaultRuntimePlugin of DefaultRuntimePlugin [roughlyenoughitems]/"
[20:29:35] [main/TRACE] [REI] [REIPlugin END] Reloading Section: "reloadable-plugin/DisplaySerializerRegistryImpl/DefaultRuntimePlugin of DefaultRuntimePlugin [roughlyenoughitems]/" done in 23.83 μs
[20:29:35] [main/TRACE] [REI] [REIPlugin END] Reloading Section: "reloadable-plugin/DisplaySerializerRegistryImpl/" done in 26.26 ms
[20:29:35] [main/TRACE] [REI] [REIPlugin END] Reloading Section: "reloadable-plugin/FluidSupportProviderImpl/"
[20:29:35] [main/TRACE] [REI] [REIPlugin END] Reloading Section: "reloadable-plugin/FluidSupportProviderImpl/DefaultPlugin of DefaultPlugin [roughlyenoughitems]/"
[20:29:35] [main/TRACE] [REI] [REIPlugin END] Reloading Section: "reloadable-plugin/FluidSupportProviderImpl/DefaultPlugin of DefaultPlugin [roughlyenoughitems]/" done in 22.66 μs
[20:29:35] [main/TRACE] [REI] [REIPlugin END] Reloading Section: "reloadable-plugin/FluidSupportProviderImpl/FabricFluidAPISupportPlugin/"
[20:29:35] [main/TRACE] [REI] [REIPlugin END] Reloading Section: "reloadable-plugin/FluidSupportProviderImpl/FabricFluidAPISupportPlugin/" done in 22.44 μs
[20:29:35] [main/TRACE] [REI] [REIPlugin END] Reloading Section: "reloadable-plugin/FluidSupportProviderImpl/ReiCompat of ReiCompat [travelersbackpack]/"
[20:29:35] [main/TRACE] [REI] [REIPlugin END] Reloading Section: "reloadable-plugin/FluidSupportProviderImpl/ReiCompat of ReiCompat [travelersbackpack]/" done in 21.74 μs
[20:29:35] [main/TRACE] [REI] [REIPlugin END] Reloading Section: "reloadable-plugin/FluidSupportProviderImpl/DefaultRuntimePlugin of DefaultRuntimePlugin [roughlyenoughitems]/"
[20:29:35] [main/TRACE] [REI] [REIPlugin END] Reloading Section: "reloadable-plugin/FluidSupportProviderImpl/DefaultRuntimePlugin of DefaultRuntimePlugin [roughlyenoughitems]/" done in 20.39 μs
[20:29:35] [main/TRACE] [REI] [REIPlugin END] Reloading Section: "reloadable-plugin/FluidSupportProviderImpl/" done in 2.480 ms
[20:29:35] [main/DEBUG] [REI] ========================================
[20:29:35] [main/DEBUG] [REI] REIPlugin ending main-reload for END.
[20:29:35] [main/DEBUG] [REI] ========================================
[20:29:35] [main/TRACE] [REI] [REIPlugin END] Reloading Section: "end-reload/"
[20:29:35] [main/TRACE] [REI] [REIPlugin END] Reloading Section: "end-reload/EntryTypeRegistryImpl/"
[20:29:35] [main/TRACE] [REI] [REIPlugin END] Reloading Section: "end-reload/EntryTypeRegistryImpl/" done in 10.46 μs
[20:29:35] [main/TRACE] [REI] [REIPlugin END] Reloading Section: "end-reload/EntrySettingsAdapterRegistryImpl/"
[20:29:35] [main/TRACE] [REI] [REIPlugin END] Reloading Section: "end-reload/EntrySettingsAdapterRegistryImpl/" done in 9.187 μs
[20:29:35] [main/TRACE] [REI] [REIPlugin END] Reloading Section: "end-reload/RecipeManagerContextImpl/"
[20:29:35] [main/TRACE] [REI] [REIPlugin END] Reloading Section: "end-reload/RecipeManagerContextImpl/" done in 10.76 μs
[20:29:35] [main/TRACE] [REI] [REIPlugin END] Reloading Section: "end-reload/ItemComparatorRegistryImpl/"
[20:29:35] [main/TRACE] [REI] [REIPlugin END] Reloading Section: "end-reload/ItemComparatorRegistryImpl/" done in 10.12 μs
[20:29:35] [main/TRACE] [REI] [REIPlugin END] Reloading Section: "end-reload/FluidComparatorRegistryImpl/"
[20:29:35] [main/TRACE] [REI] [REIPlugin END] Reloading Section: "end-reload/FluidComparatorRegistryImpl/" done in 10.40 μs
[20:29:35] [main/TRACE] [REI] [REIPlugin END] Reloading Section: "end-reload/DisplaySerializerRegistryImpl/"
[20:29:35] [main/TRACE] [REI] [REIPlugin END] Reloading Section: "end-reload/DisplaySerializerRegistryImpl/" done in 10.03 μs
[20:29:35] [main/TRACE] [REI] [REIPlugin END] Reloading Section: "end-reload/FluidSupportProviderImpl/"
[20:29:35] [main/TRACE] [REI] [REIPlugin END] Reloading Section: "end-reload/FluidSupportProviderImpl/" done in 9.708 μs
[20:29:35] [main/TRACE] [REI] [REIPlugin END] Reloading Section: "end-reload/" done in 4.287 ms
[20:29:35] [main/DEBUG] [REI] ========================================
[20:29:35] [main/DEBUG] [REI] REIPlugin ended main-reload for END in 59.18 ms.
[20:29:35] [main/DEBUG] [REI] ========================================
[20:29:35] [main/INFO] [REI] @@@@@@@@@@@@@@@@@@@@@@@@@@@@@@@@@@@@@@@@
[20:29:35] [main/INFO] [REI] REIServerPlugin starting main-reload for END.
[20:29:35] [main/DEBUG] [REI] Reloadables (2):
[20:29:35] [main/DEBUG] [REI]  - MenuInfoRegistryImpl
[20:29:35] [main/DEBUG] [REI]  - SlotAccessorRegistryImpl
[20:29:35] [main/INFO] [REI] Plugins (4):
[20:29:35] [main/INFO] [REI]  - (-100.00) DefaultPlugin of DefaultPlugin [roughlyenoughitems]
[20:29:35] [main/INFO] [REI]  - (0.00) FabricFluidAPISupportPlugin
[20:29:35] [main/INFO] [REI]  - (0.00) ReiCompat of ReiCompat [travelersbackpack]
[20:29:35] [main/INFO] [REI]  - (0.00) DefaultRuntimePlugin of DefaultRuntimePlugin [roughlyenoughitems]
[20:29:35] [main/INFO] [REI] @@@@@@@@@@@@@@@@@@@@@@@@@@@@@@@@@@@@@@@@
[20:29:35] [main/TRACE] [REI] [REIServerPlugin END] Reloading Section: "start-reload/"
[20:29:35] [main/TRACE] [REI] [REIServerPlugin END] Reloading Section: "start-reload/MenuInfoRegistryImpl/"
[20:29:35] [main/TRACE] [REI] [REIServerPlugin END] Reloading Section: "start-reload/MenuInfoRegistryImpl/" done in 27.58 μs
[20:29:35] [main/TRACE] [REI] [REIServerPlugin END] Reloading Section: "start-reload/SlotAccessorRegistryImpl/"
[20:29:35] [main/TRACE] [REI] [REIServerPlugin END] Reloading Section: "start-reload/SlotAccessorRegistryImpl/" done in 27.14 μs
[20:29:35] [main/TRACE] [REI] [REIServerPlugin END] Reloading Section: "start-reload/" done in 732.4 μs
[20:29:35] [main/DEBUG] [REI] ========================================
[20:29:35] [main/DEBUG] [REI] REIServerPlugin started main-reload for END.
[20:29:35] [main/DEBUG] [REI] ========================================
[20:29:35] [main/TRACE] [REI] [REIServerPlugin END] Reloading Section: "reloadable-plugin/MenuInfoRegistryImpl/"
[20:29:35] [main/TRACE] [REI] [REIServerPlugin END] Reloading Section: "reloadable-plugin/MenuInfoRegistryImpl/DefaultPlugin of DefaultPlugin [roughlyenoughitems]/"
[20:29:35] [main/TRACE] [REI] [REIServerPlugin END] Reloading Section: "reloadable-plugin/MenuInfoRegistryImpl/DefaultPlugin of DefaultPlugin [roughlyenoughitems]/" done in 33.84 μs
[20:29:35] [main/TRACE] [REI] [REIServerPlugin END] Reloading Section: "reloadable-plugin/MenuInfoRegistryImpl/FabricFluidAPISupportPlugin/"
[20:29:35] [main/TRACE] [REI] [REIServerPlugin END] Reloading Section: "reloadable-plugin/MenuInfoRegistryImpl/FabricFluidAPISupportPlugin/" done in 19.45 μs
[20:29:35] [main/TRACE] [REI] [REIServerPlugin END] Reloading Section: "reloadable-plugin/MenuInfoRegistryImpl/ReiCompat of ReiCompat [travelersbackpack]/"
[20:29:35] [main/DEBUG] [REI] Added menu info for class com.tiviacz.travelersbackpack.inventory.screen.TravelersBackpackBaseScreenHandler [minecraft:plugins/crafting]: me.shedaniel.rei.api.common.transfer.info.simple.SimpleMenuInfoProvider$$Lambda/0x00007f60b8f38430@609d29dc
[20:29:35] [main/TRACE] [REI] [REIServerPlugin END] Reloading Section: "reloadable-plugin/MenuInfoRegistryImpl/ReiCompat of ReiCompat [travelersbackpack]/" done in 5.751 ms
[20:29:35] [main/TRACE] [REI] [REIServerPlugin END] Reloading Section: "reloadable-plugin/MenuInfoRegistryImpl/DefaultRuntimePlugin of DefaultRuntimePlugin [roughlyenoughitems]/"
[20:29:35] [main/TRACE] [REI] [REIServerPlugin END] Reloading Section: "reloadable-plugin/MenuInfoRegistryImpl/DefaultRuntimePlugin of DefaultRuntimePlugin [roughlyenoughitems]/" done in 18.96 μs
[20:29:35] [main/TRACE] [REI] [REIServerPlugin END] Reloading Section: "reloadable-plugin/MenuInfoRegistryImpl/" done in 7.112 ms
[20:29:35] [main/TRACE] [REI] [REIServerPlugin END] Reloading Section: "reloadable-plugin/SlotAccessorRegistryImpl/"
[20:29:35] [main/TRACE] [REI] [REIServerPlugin END] Reloading Section: "reloadable-plugin/SlotAccessorRegistryImpl/DefaultPlugin of DefaultPlugin [roughlyenoughitems]/"
[20:29:35] [main/TRACE] [REI] [REIServerPlugin END] Reloading Section: "reloadable-plugin/SlotAccessorRegistryImpl/DefaultPlugin of DefaultPlugin [roughlyenoughitems]/" done in 29.06 μs
[20:29:35] [main/TRACE] [REI] [REIServerPlugin END] Reloading Section: "reloadable-plugin/SlotAccessorRegistryImpl/FabricFluidAPISupportPlugin/"
[20:29:35] [main/TRACE] [REI] [REIServerPlugin END] Reloading Section: "reloadable-plugin/SlotAccessorRegistryImpl/FabricFluidAPISupportPlugin/" done in 15.27 μs
[20:29:35] [main/TRACE] [REI] [REIServerPlugin END] Reloading Section: "reloadable-plugin/SlotAccessorRegistryImpl/ReiCompat of ReiCompat [travelersbackpack]/"
[20:29:35] [main/TRACE] [REI] [REIServerPlugin END] Reloading Section: "reloadable-plugin/SlotAccessorRegistryImpl/ReiCompat of ReiCompat [travelersbackpack]/" done in 13.89 μs
[20:29:35] [main/TRACE] [REI] [REIServerPlugin END] Reloading Section: "reloadable-plugin/SlotAccessorRegistryImpl/DefaultRuntimePlugin of DefaultRuntimePlugin [roughlyenoughitems]/"
[20:29:35] [main/DEBUG] [REI] Added slot accessor serializer: me.shedaniel.rei.plugin.common.runtime.DefaultRuntimePlugin$1@f43e4bb [roughlyenoughitems:vanilla]
[20:29:35] [main/DEBUG] [REI] Added slot accessor serializer: me.shedaniel.rei.plugin.common.runtime.DefaultRuntimePlugin$2@20c7622 [roughlyenoughitems:player]
[20:29:35] [main/TRACE] [REI] [REIServerPlugin END] Reloading Section: "reloadable-plugin/SlotAccessorRegistryImpl/DefaultRuntimePlugin of DefaultRuntimePlugin [roughlyenoughitems]/" done in 1.821 ms
[20:29:35] [main/TRACE] [REI] [REIServerPlugin END] Reloading Section: "reloadable-plugin/SlotAccessorRegistryImpl/" done in 2.971 ms
[20:29:35] [main/DEBUG] [REI] ========================================
[20:29:35] [main/DEBUG] [REI] REIServerPlugin ending main-reload for END.
[20:29:35] [main/DEBUG] [REI] ========================================
[20:29:35] [main/TRACE] [REI] [REIServerPlugin END] Reloading Section: "end-reload/"
[20:29:35] [main/TRACE] [REI] [REIServerPlugin END] Reloading Section: "end-reload/MenuInfoRegistryImpl/"
[20:29:35] [main/DEBUG] [REI] Registered 1 menu infos
[20:29:35] [main/TRACE] [REI] [REIServerPlugin END] Reloading Section: "end-reload/MenuInfoRegistryImpl/" done in 145.8 μs
[20:29:35] [main/TRACE] [REI] [REIServerPlugin END] Reloading Section: "end-reload/SlotAccessorRegistryImpl/"
[20:29:35] [main/DEBUG] [REI] Registered 2 slot accessor serializers
[20:29:35] [main/TRACE] [REI] [REIServerPlugin END] Reloading Section: "end-reload/SlotAccessorRegistryImpl/" done in 82.62 μs
[20:29:35] [main/TRACE] [REI] [REIServerPlugin END] Reloading Section: "end-reload/" done in 503.7 μs
[20:29:35] [main/DEBUG] [REI] ========================================
[20:29:35] [main/DEBUG] [REI] REIServerPlugin ended main-reload for END in 21.56 ms.
[20:29:35] [main/DEBUG] [REI] ========================================
[20:29:35] [main/DEBUG] [REI] ========================================
[20:29:35] [main/DEBUG] [REI] REIPlugin starting post-reload for END.
[20:29:35] [main/DEBUG] [REI] Reloadables (7):
[20:29:35] [main/DEBUG] [REI]  - EntryTypeRegistryImpl
[20:29:35] [main/DEBUG] [REI]  - EntrySettingsAdapterRegistryImpl
[20:29:35] [main/DEBUG] [REI]  - RecipeManagerContextImpl
[20:29:35] [main/DEBUG] [REI]  - ItemComparatorRegistryImpl
[20:29:35] [main/DEBUG] [REI]  - FluidComparatorRegistryImpl
[20:29:35] [main/DEBUG] [REI]  - DisplaySerializerRegistryImpl
[20:29:35] [main/DEBUG] [REI]  - FluidSupportProviderImpl
[20:29:35] [main/DEBUG] [REI] Plugins (4):
[20:29:35] [main/DEBUG] [REI]  - (-100.00) DefaultPlugin of DefaultPlugin [roughlyenoughitems]
[20:29:35] [main/DEBUG] [REI]  - (0.00) FabricFluidAPISupportPlugin
[20:29:35] [main/DEBUG] [REI]  - (0.00) ReiCompat of ReiCompat [travelersbackpack]
[20:29:35] [main/DEBUG] [REI]  - (0.00) DefaultRuntimePlugin of DefaultRuntimePlugin [roughlyenoughitems]
[20:29:35] [main/DEBUG] [REI] ========================================
[20:29:35] [main/TRACE] [REI] [REIPlugin END] Reloading Section: "post-register/"
[20:29:35] [main/TRACE] [REI] [REIPlugin END] Reloading Section: "post-register/DefaultPlugin of DefaultPlugin [roughlyenoughitems]/"
[20:29:35] [main/TRACE] [REI] [REIPlugin END] Reloading Section: "post-register/DefaultPlugin of DefaultPlugin [roughlyenoughitems]/" done in 12.41 μs
[20:29:35] [main/TRACE] [REI] [REIPlugin END] Reloading Section: "post-register/FabricFluidAPISupportPlugin/"
[20:29:35] [main/TRACE] [REI] [REIPlugin END] Reloading Section: "post-register/FabricFluidAPISupportPlugin/" done in 10.29 μs
[20:29:35] [main/TRACE] [REI] [REIPlugin END] Reloading Section: "post-register/ReiCompat of ReiCompat [travelersbackpack]/"
[20:29:35] [main/TRACE] [REI] [REIPlugin END] Reloading Section: "post-register/ReiCompat of ReiCompat [travelersbackpack]/" done in 8.697 μs
[20:29:35] [main/TRACE] [REI] [REIPlugin END] Reloading Section: "post-register/DefaultRuntimePlugin of DefaultRuntimePlugin [roughlyenoughitems]/"
[20:29:35] [main/TRACE] [REI] [REIPlugin END] Reloading Section: "post-register/DefaultRuntimePlugin of DefaultRuntimePlugin [roughlyenoughitems]/" done in 7.504 μs
[20:29:35] [main/TRACE] [REI] [REIPlugin END] Reloading Section: "post-register/" done in 463.6 μs
[20:29:35] [main/TRACE] [REI] [REIPlugin END] Reloading Section: "post-stage/"
[20:29:35] [main/TRACE] [REI] [REIPlugin END] Reloading Section: "post-stage/EntryTypeRegistryImpl/"
[20:29:35] [main/TRACE] [REI] [REIPlugin END] Reloading Section: "post-stage/EntryTypeRegistryImpl/" done in 6.493 μs
[20:29:35] [main/TRACE] [REI] [REIPlugin END] Reloading Section: "post-stage/EntrySettingsAdapterRegistryImpl/"
[20:29:35] [main/TRACE] [REI] [REIPlugin END] Reloading Section: "post-stage/EntrySettingsAdapterRegistryImpl/" done in 5.240 μs
[20:29:35] [main/TRACE] [REI] [REIPlugin END] Reloading Section: "post-stage/RecipeManagerContextImpl/"
[20:29:35] [main/TRACE] [REI] [REIPlugin END] Reloading Section: "post-stage/RecipeManagerContextImpl/" done in 5.500 μs
[20:29:35] [main/TRACE] [REI] [REIPlugin END] Reloading Section: "post-stage/ItemComparatorRegistryImpl/"
[20:29:35] [main/TRACE] [REI] [REIPlugin END] Reloading Section: "post-stage/ItemComparatorRegistryImpl/" done in 5.741 μs
[20:29:35] [main/TRACE] [REI] [REIPlugin END] Reloading Section: "post-stage/FluidComparatorRegistryImpl/"
[20:29:35] [main/TRACE] [REI] [REIPlugin END] Reloading Section: "post-stage/FluidComparatorRegistryImpl/" done in 5.300 μs
[20:29:35] [main/TRACE] [REI] [REIPlugin END] Reloading Section: "post-stage/DisplaySerializerRegistryImpl/"
[20:29:35] [main/TRACE] [REI] [REIPlugin END] Reloading Section: "post-stage/DisplaySerializerRegistryImpl/" done in 5.480 μs
[20:29:35] [main/TRACE] [REI] [REIPlugin END] Reloading Section: "post-stage/FluidSupportProviderImpl/"
[20:29:35] [main/TRACE] [REI] [REIPlugin END] Reloading Section: "post-stage/FluidSupportProviderImpl/" done in 5.961 μs
[20:29:35] [main/TRACE] [REI] [REIPlugin END] Reloading Section: "post-stage/" done in 648.4 μs
[20:29:35] [main/DEBUG] [REI] ========================================
[20:29:35] [main/INFO] [REI] REIPlugin finished post-reload for END in 1.350 ms, totaling 71.56 ms.
[20:29:35] [main/DEBUG] [REI] ========================================
[20:29:35] [main/DEBUG] [REI] ========================================
[20:29:35] [main/DEBUG] [REI] REIServerPlugin starting post-reload for END.
[20:29:35] [main/DEBUG] [REI] Reloadables (2):
[20:29:35] [main/DEBUG] [REI]  - MenuInfoRegistryImpl
[20:29:35] [main/DEBUG] [REI]  - SlotAccessorRegistryImpl
[20:29:35] [main/DEBUG] [REI] Plugins (4):
[20:29:35] [main/DEBUG] [REI]  - (-100.00) DefaultPlugin of DefaultPlugin [roughlyenoughitems]
[20:29:35] [main/DEBUG] [REI]  - (0.00) FabricFluidAPISupportPlugin
[20:29:35] [main/DEBUG] [REI]  - (0.00) ReiCompat of ReiCompat [travelersbackpack]
[20:29:35] [main/DEBUG] [REI]  - (0.00) DefaultRuntimePlugin of DefaultRuntimePlugin [roughlyenoughitems]
[20:29:35] [main/DEBUG] [REI] ========================================
[20:29:35] [main/TRACE] [REI] [REIServerPlugin END] Reloading Section: "post-register/"
[20:29:35] [main/TRACE] [REI] [REIServerPlugin END] Reloading Section: "post-register/DefaultPlugin of DefaultPlugin [roughlyenoughitems]/"
[20:29:35] [main/TRACE] [REI] [REIServerPlugin END] Reloading Section: "post-register/DefaultPlugin of DefaultPlugin [roughlyenoughitems]/" done in 9.899 μs
[20:29:35] [main/TRACE] [REI] [REIServerPlugin END] Reloading Section: "post-register/FabricFluidAPISupportPlugin/"
[20:29:35] [main/TRACE] [REI] [REIServerPlugin END] Reloading Section: "post-register/FabricFluidAPISupportPlugin/" done in 10.41 μs
[20:29:35] [main/TRACE] [REI] [REIServerPlugin END] Reloading Section: "post-register/ReiCompat of ReiCompat [travelersbackpack]/"
[20:29:35] [main/TRACE] [REI] [REIServerPlugin END] Reloading Section: "post-register/ReiCompat of ReiCompat [travelersbackpack]/" done in 9.648 μs
[20:29:35] [main/TRACE] [REI] [REIServerPlugin END] Reloading Section: "post-register/DefaultRuntimePlugin of DefaultRuntimePlugin [roughlyenoughitems]/"
[20:29:35] [main/TRACE] [REI] [REIServerPlugin END] Reloading Section: "post-register/DefaultRuntimePlugin of DefaultRuntimePlugin [roughlyenoughitems]/" done in 9.307 μs
[20:29:35] [main/TRACE] [REI] [REIServerPlugin END] Reloading Section: "post-register/" done in 1.122 ms
[20:29:35] [main/TRACE] [REI] [REIServerPlugin END] Reloading Section: "post-stage/"
[20:29:35] [main/TRACE] [REI] [REIServerPlugin END] Reloading Section: "post-stage/MenuInfoRegistryImpl/"
[20:29:35] [main/TRACE] [REI] [REIServerPlugin END] Reloading Section: "post-stage/MenuInfoRegistryImpl/" done in 6.452 μs
[20:29:35] [main/TRACE] [REI] [REIServerPlugin END] Reloading Section: "post-stage/SlotAccessorRegistryImpl/"
[20:29:35] [main/TRACE] [REI] [REIServerPlugin END] Reloading Section: "post-stage/SlotAccessorRegistryImpl/" done in 6.492 μs
[20:29:35] [main/TRACE] [REI] [REIServerPlugin END] Reloading Section: "post-stage/" done in 248.2 μs
[20:29:35] [main/DEBUG] [REI] ========================================
[20:29:35] [main/INFO] [REI] REIServerPlugin finished post-reload for END in 1.615 ms, totaling 26.29 ms.
[20:29:35] [main/DEBUG] [REI] ========================================
